dalvikvm: creating VM...
[V/dalvikvm] VM init args (3):
[V/dalvikvm]   0: '-Xbootclasspath:/data/local/tmp/westlake/bcp/core-kitkat.jar:/data/local/tmp/westlake/bcp/direct-print-stream.jar:/data/local/tmp/westlake/XComponentTest.dex'
[V/dalvikvm]   1: '-Xms4m'
[V/dalvikvm]   2: '-Xmx64m'
[V/dalvikvm] VM options (3):
[V/dalvikvm]   0: '-Xbootclasspath:/data/local/tmp/westlake/bcp/core-kitkat.jar:/data/local/tmp/westlake/bcp/direct-print-stream.jar:/data/local/tmp/westlake/XComponentTest.dex'
[V/dalvikvm]   1: '-Xms4m'
[V/dalvikvm]   2: '-Xmx64m'
[V/dalvikvm] Using kernel group scheduling
[V/dalvikvm] Using executionMode 1
[V/dalvikvm] threadid=1: interp stack at 0xf77ed000
[V/dalvikvm] LinearAlloc: created region at 0xf02e9000-0xf12e8fff
[V/dalvikvm] Opening as zip '/data/local/tmp/westlake/bcp/core-kitkat.jar' 0xffabcea0
[V/dalvikvm] +++ Found EOCD at buf+65535
[V/dalvikvm] +++ numEntries=1 dirSize=57 dirOffset=110601

[V/dalvikvm] +++ zip good scan 1 entries
[V/dalvikvm] Couldn't open /data/local/tmp/westlake/bcp/core-kitkat.odex: No such file or directory
[V/dalvikvm] Cache file for '/data/local/tmp/westlake/bcp/core-kitkat.jar' 'classes.dex' is '/data/dalvik-cache/data@local@tmp@westlake@bcp@core-kitkat.jar@classes.dex'
[V/dalvikvm] dvmJarFileOpen: Checking cache for /data/local/tmp/westlake/bcp/core-kitkat.jar (/data/dalvik-cache/data@local@tmp@westlake@bcp@core-kitkat.jar@classes.dex)
[V/dalvikvm] DexOpt: locking cache file /data/dalvik-cache/data@local@tmp@westlake@bcp@core-kitkat.jar@classes.dex (fd=4, boot=1)
[V/dalvikvm] DexOpt:  locked cache file
[V/dalvikvm] checking deps, expecting vfy=1 opt=1
[V/dalvikvm] +++ DexOpt: numDeps = 0
[V/dalvikvm] DexOpt: good deps in cache file
[V/dalvikvm] Good opt header, DEX offset is 40, flags=0x00
[V/dalvikvm] +++ found register maps, size=29092
[V/dalvikvm] +++ DEX 0xf77d9000: allocateAux (2614+331+2444+748)*4 = 24548 bytes
[V/dalvikvm] Successfully opened 'classes.dex' in '/data/local/tmp/westlake/bcp/core-kitkat.jar'
[V/dalvikvm] Opening as zip '/data/local/tmp/westlake/bcp/direct-print-stream.jar' 0xffabcea0
[V/dalvikvm] +++ Found EOCD at buf+1770
[V/dalvikvm] +++ numEntries=3 dirSize=182 dirOffset=1588

[V/dalvikvm] +++ zip good scan 3 entries
[V/dalvikvm] Couldn't open /data/local/tmp/westlake/bcp/direct-print-stream.odex: No such file or directory
[V/dalvikvm] Cache file for '/data/local/tmp/westlake/bcp/direct-print-stream.jar' 'classes.dex' is '/data/dalvik-cache/data@local@tmp@westlake@bcp@direct-print-stream.jar@classes.dex'
[V/dalvikvm] dvmJarFileOpen: Checking cache for /data/local/tmp/westlake/bcp/direct-print-stream.jar (/data/dalvik-cache/data@local@tmp@westlake@bcp@direct-print-stream.jar@classes.dex)
[V/dalvikvm] DexOpt: locking cache file /data/dalvik-cache/data@local@tmp@westlake@bcp@direct-print-stream.jar@classes.dex (fd=5, boot=1)
[V/dalvikvm] DexOpt:  locked cache file
[V/dalvikvm] checking deps, expecting vfy=1 opt=1
[V/dalvikvm] +++ DexOpt: numDeps = 1
[V/dalvikvm] DexOpt: dep match on '/data/dalvik-cache/data@local@tmp@westlake@bcp@core-kitkat.jar@classes.dex'
[V/dalvikvm] DexOpt: good deps in cache file
[V/dalvikvm] Good opt header, DEX offset is 40, flags=0x00
[V/dalvikvm] +++ found register maps, size=164
[V/dalvikvm] +++ DEX 0xf77d6000: allocateAux (39+11+22+1)*4 = 292 bytes
[V/dalvikvm] Successfully opened 'classes.dex' in '/data/local/tmp/westlake/bcp/direct-print-stream.jar'
[V/dalvikvm] Cache file for '/data/local/tmp/westlake/XComponentTest.dex' '(null)' is '/data/dalvik-cache/data@local@tmp@westlake@XComponentTest.dex'
[V/dalvikvm] dvmRawDexFileOpen: Checking cache for /data/local/tmp/westlake/XComponentTest.dex (/data/dalvik-cache/data@local@tmp@westlake@XComponentTest.dex)
[V/dalvikvm] DexOpt: locking cache file /data/dalvik-cache/data@local@tmp@westlake@XComponentTest.dex (fd=6, boot=1)
[V/dalvikvm] DexOpt:  locked cache file
[V/dalvikvm] DexOpt: successfully initialized new cache file
[D/dalvikvm] DexOpt: --- BEGIN 'XComponentTest.dex' (bootstrap=1) ---
[V/dalvikvm] DexOpt: waiting for verify+opt, pid=11244
[V/dalvikvm] Args: fd=6 off=40 len=4920 name='/data/local/tmp/westlake/XComponentTest.dex' mod=0x5fef8f98 crc=0x383f3d69 flg=61 (argc=3)
[V/dalvikvm] DEP: '/data/local/tmp/westlake/bcp/core-kitkat.jar'
[V/dalvikvm] DEP: '/data/local/tmp/westlake/bcp/direct-print-stream.jar'
[V/dalvikvm]   bootclasspath is '/data/local/tmp/westlake/bcp/core-kitkat.jar:/data/local/tmp/westlake/bcp/direct-print-stream.jar'
[V/dalvikvm] threadid=1: interp stack at 0x7fa685b000
[V/dalvikvm] LinearAlloc: created region at 0x7fa584c000-0x7fa684bfff
[V/dalvikvm] Opening as zip '/data/local/tmp/westlake/bcp/core-kitkat.jar' 0x7fce8c8b88
[V/dalvikvm] +++ Found EOCD at buf+65535
[V/dalvikvm] +++ numEntries=1 dirSize=57 dirOffset=110601

[V/dalvikvm] +++ zip good scan 1 entries
[V/dalvikvm] Couldn't open /data/local/tmp/westlake/bcp/core-kitkat.odex: No such file or directory
[V/dalvikvm] Cache file for '/data/local/tmp/westlake/bcp/core-kitkat.jar' 'classes.dex' is '/data/dalvik-cache/data@local@tmp@westlake@bcp@core-kitkat.jar@classes.dex'
[V/dalvikvm] dvmJarFileOpen: Checking cache for /data/local/tmp/westlake/bcp/core-kitkat.jar (/data/dalvik-cache/data@local@tmp@westlake@bcp@core-kitkat.jar@classes.dex)
[V/dalvikvm] DexOpt: locking cache file /data/dalvik-cache/data@local@tmp@westlake@bcp@core-kitkat.jar@classes.dex (fd=4, boot=1)
[V/dalvikvm] DexOpt:  locked cache file
[V/dalvikvm] checking deps, expecting vfy=1 opt=1
[V/dalvikvm] +++ DexOpt: numDeps = 0
[V/dalvikvm] DexOpt: good deps in cache file
[V/dalvikvm] Good opt header, DEX offset is 40, flags=0x00
[V/dalvikvm] +++ found register maps, size=29092
[V/dalvikvm] +++ DEX 0x115f7000: allocateAux (5228+662+4888+1496)*4 = 49096 bytes
[V/dalvikvm] Successfully opened 'classes.dex' in '/data/local/tmp/westlake/bcp/core-kitkat.jar'
[V/dalvikvm] Opening as zip '/data/local/tmp/westlake/bcp/direct-print-stream.jar' 0x7fce8c8b88
[V/dalvikvm] +++ Found EOCD at buf+1770
[V/dalvikvm] +++ numEntries=3 dirSize=182 dirOffset=1588

[V/dalvikvm] +++ zip good scan 3 entries
[V/dalvikvm] Couldn't open /data/local/tmp/westlake/bcp/direct-print-stream.odex: No such file or directory
[V/dalvikvm] Cache file for '/data/local/tmp/westlake/bcp/direct-print-stream.jar' 'classes.dex' is '/data/dalvik-cache/data@local@tmp@westlake@bcp@direct-print-stream.jar@classes.dex'
[V/dalvikvm] dvmJarFileOpen: Checking cache for /data/local/tmp/westlake/bcp/direct-print-stream.jar (/data/dalvik-cache/data@local@tmp@westlake@bcp@direct-print-stream.jar@classes.dex)
[V/dalvikvm] DexOpt: locking cache file /data/dalvik-cache/data@local@tmp@westlake@bcp@direct-print-stream.jar@classes.dex (fd=5, boot=1)
[V/dalvikvm] DexOpt:  locked cache file
[V/dalvikvm] checking deps, expecting vfy=1 opt=1
[V/dalvikvm] +++ DexOpt: numDeps = 1
[V/dalvikvm] DexOpt: dep match on '/data/dalvik-cache/data@local@tmp@westlake@bcp@core-kitkat.jar@classes.dex'
[V/dalvikvm] DexOpt: good deps in cache file
[V/dalvikvm] Good opt header, DEX offset is 40, flags=0x00
[V/dalvikvm] +++ found register maps, size=164
[V/dalvikvm] +++ DEX 0x11604000: allocateAux (78+22+44+2)*4 = 584 bytes
[V/dalvikvm] Successfully opened 'classes.dex' in '/data/local/tmp/westlake/bcp/direct-print-stream.jar'
[V/dalvikvm] Continuing optimization (/data/local/tmp/westlake/XComponentTest.dex, isb=1)
[V/dalvikvm] +++ swapping and verifying
[V/dalvikvm] +++ DEX 0x11605000: allocateAux (180+30+52+12)*4 = 1096 bytes
[V/dalvikvm] Class lookup: classes=2 slots=4 (50% occ) alloc=56 total=0 max=0
[V/dalvikvm] DexOpt: +++ trying to load 2 classes
[V/dalvikvm] +++ dvmAddClassToHash 'Ljava/lang/Object;' 0 (isnew=1) --> 0x10001010
[V/dalvikvm] +++ dvmAddClassToHash 'Ljava/lang/Throwable;' 0 (isnew=1) --> 0x10001130
[V/dalvikvm] +++ dvmAddClassToHash 'Ljava/io/Serializable;' 0 (isnew=1) --> 0x10001280
[V/dalvikvm] --- LinearRealloc(184) old=196
[V/dalvikvm] Array class '[Ljava/lang/Class;' 0 not found; creating
[V/dalvikvm] +++ dvmAddClassToHash 'Ljava/lang/Class;' 0 (isnew=1) --> 0x100003c0
[V/dalvikvm] +++ dvmAddClassToHash 'Ljava/lang/reflect/AnnotatedElement;' 0 (isnew=1) --> 0x100013a0
[V/dalvikvm] +++ dvmAddClassToHash 'Ljava/lang/reflect/GenericDeclaration;' 0 (isnew=1) --> 0x100014c0
[V/dalvikvm] +++ dvmAddClassToHash 'Ljava/lang/reflect/Type;' 0 (isnew=1) --> 0x100015e0
[V/dalvikvm] --- LinearRealloc(576) old=588
[V/dalvikvm] +++ dvmAddClassToHash 'Ljava/lang/Cloneable;' 0 (isnew=1) --> 0x10001820
[V/dalvikvm] +++ dvmAddClassToHash '[Ljava/lang/Class;' 0 (isnew=1) --> 0x10001700
[V/dalvikvm] Created array class '[Ljava/lang/Class;' 0 (access=0x6000.0411)
[V/dalvikvm] +++ dvmAddClassToHash 'Ljava/lang/ClassLoader;' 0 (isnew=1) --> 0x10001940
[V/dalvikvm] Array class '[Ljava/lang/Object;' 0 not found; creating
[V/dalvikvm] +++ dvmAddClassToHash '[Ljava/lang/Object;' 0 (isnew=1) --> 0x10001a60
[V/dalvikvm] Created array class '[Ljava/lang/Object;' 0 (access=0x6000.0411)
[V/dalvikvm] +++ dvmAddClassToHash 'Ljava/lang/StackTraceElement;' 0 (isnew=1) --> 0x10001b80
[V/dalvikvm] --- LinearRealloc(128) old=156
[V/dalvikvm] Array class '[Ljava/lang/StackTraceElement;' 0 not found; creating
[V/dalvikvm] +++ dvmAddClassToHash '[Ljava/lang/StackTraceElement;' 0 (isnew=1) --> 0x10001cf0
[V/dalvikvm] Created array class '[Ljava/lang/StackTraceElement;' 0 (access=0x6000.0411)
[V/dalvikvm] +++ dvmAddClassToHash 'Ljava/lang/String;' 0 (isnew=1) --> 0x10001e10
[V/dalvikvm] +++ dvmAddClassToHash 'Ljava/lang/Comparable;' 0 (isnew=1) --> 0x10001fd0
[V/dalvikvm] +++ dvmAddClassToHash 'Ljava/lang/CharSequence;' 0 (isnew=1) --> 0x100020f0
[V/dalvikvm] --- LinearRealloc(496) old=524
[V/dalvikvm] +++ dvmAddClassToHash 'Ljava/lang/Thread;' 0 (isnew=1) --> 0x10002210
[V/dalvikvm] +++ dvmAddClassToHash 'Ljava/lang/Runnable;' 0 (isnew=1) --> 0x10002420
[V/dalvikvm] --- LinearRealloc(360) old=372
[V/dalvikvm] +++ dvmAddClassToHash 'Ljava/lang/ThreadGroup;' 0 (isnew=1) --> 0x10002540
[V/dalvikvm] +++ dvmAddClassToHash 'Ljava/lang/Thread$UncaughtExceptionHandler;' 0 (isnew=1) --> 0x100026b0
[V/dalvikvm] --- LinearRealloc(288) old=300
[V/dalvikvm] +++ dvmAddClassToHash 'Ljava/lang/VMThread;' 0 (isnew=1) --> 0x100027d0
[V/dalvikvm] Array class '[Z' 0 not found; creating
[V/dalvikvm] +++ dvmAddClassToHash '[Z' 0 (isnew=1) --> 0x10002920
[V/dalvikvm] Created array class '[Z' 0 (access=0x4000.0411)
[V/dalvikvm] Array class '[B' 0 not found; creating
[V/dalvikvm] +++ dvmAddClassToHash '[B' 0 (isnew=1) --> 0x10002a40
[V/dalvikvm] Created array class '[B' 0 (access=0x4000.0411)
[V/dalvikvm] Array class '[S' 0 not found; creating
[V/dalvikvm] +++ dvmAddClassToHash '[S' 0 (isnew=1) --> 0x10002b60
[V/dalvikvm] Created array class '[S' 0 (access=0x4000.0411)
[V/dalvikvm] Array class '[C' 0 not found; creating
[V/dalvikvm] +++ dvmAddClassToHash '[C' 0 (isnew=1) --> 0x10002c80
[V/dalvikvm] Created array class '[C' 0 (access=0x4000.0411)
[V/dalvikvm] Array class '[I' 0 not found; creating
[V/dalvikvm] +++ dvmAddClassToHash '[I' 0 (isnew=1) --> 0x10002da0
[V/dalvikvm] Created array class '[I' 0 (access=0x4000.0411)
[V/dalvikvm] Array class '[J' 0 not found; creating
[V/dalvikvm] +++ dvmAddClassToHash '[J' 0 (isnew=1) --> 0x10002ec0
[V/dalvikvm] Created array class '[J' 0 (access=0x4000.0411)
[V/dalvikvm] Array class '[F' 0 not found; creating
[V/dalvikvm] +++ dvmAddClassToHash '[F' 0 (isnew=1) --> 0x10002fe0
[V/dalvikvm] Created array class '[F' 0 (access=0x4000.0411)
[V/dalvikvm] Array class '[D' 0 not found; creating
[V/dalvikvm] +++ dvmAddClassToHash '[D' 0 (isnew=1) --> 0x10003100
[V/dalvikvm] Created array class '[D' 0 (access=0x4000.0411)
[V/dalvikvm] +++ dvmAddClassToHash 'Ljava/lang/AbstractMethodError;' 0 (isnew=1) --> 0x10003220
[V/dalvikvm] +++ dvmAddClassToHash 'Ljava/lang/IncompatibleClassChangeError;' 0 (isnew=1) --> 0x10003370
[V/dalvikvm] +++ dvmAddClassToHash 'Ljava/lang/LinkageError;' 0 (isnew=1) --> 0x100034c0
[V/dalvikvm] +++ dvmAddClassToHash 'Ljava/lang/Error;' 0 (isnew=1) --> 0x10003610
[V/dalvikvm] +++ dvmAddClassToHash 'Ljava/lang/ArithmeticException;' 0 (isnew=1) --> 0x10003760
[V/dalvikvm] +++ dvmAddClassToHash 'Ljava/lang/RuntimeException;' 0 (isnew=1) --> 0x100038b0
[V/dalvikvm] +++ dvmAddClassToHash 'Ljava/lang/Exception;' 0 (isnew=1) --> 0x10003a00
[V/dalvikvm] +++ dvmAddClassToHash 'Ljava/lang/ArrayIndexOutOfBoundsException;' 0 (isnew=1) --> 0x10003b50
[V/dalvikvm] +++ dvmAddClassToHash 'Ljava/lang/IndexOutOfBoundsException;' 0 (isnew=1) --> 0x10003ca0
[V/dalvikvm] +++ dvmAddClassToHash 'Ljava/lang/ArrayStoreException;' 0 (isnew=1) --> 0x10003df0
[V/dalvikvm] +++ dvmAddClassToHash 'Ljava/lang/ClassCastException;' 0 (isnew=1) --> 0x10003f40
[V/dalvikvm] +++ dvmAddClassToHash 'Ljava/lang/ClassCircularityError;' 0 (isnew=1) --> 0x10004090
[V/dalvikvm] +++ dvmAddClassToHash 'Ljava/lang/ClassNotFoundException;' 0 (isnew=1) --> 0x100041e0
[V/dalvikvm] +++ dvmAddClassToHash 'Ljava/lang/ReflectiveOperationException;' 0 (isnew=1) --> 0x10004330
[V/dalvikvm] --- LinearRealloc(192) old=204
[V/dalvikvm] +++ dvmAddClassToHash 'Ljava/lang/ClassFormatError;' 0 (isnew=1) --> 0x10004450
[V/dalvikvm] +++ dvmAddClassToHash 'Ljava/lang/ExceptionInInitializerError;' 0 (isnew=1) --> 0x100045a0
[V/dalvikvm] --- LinearRealloc(192) old=204
[V/dalvikvm] +++ dvmAddClassToHash 'Ljava/io/FileNotFoundException;' 0 (isnew=1) --> 0x100046f0
[V/dalvikvm] +++ dvmAddClassToHash 'Ljava/io/IOException;' 0 (isnew=1) --> 0x10004840
[V/dalvikvm] +++ dvmAddClassToHash 'Ljava/lang/IllegalAccessError;' 0 (isnew=1) --> 0x10004960
[V/dalvikvm] +++ dvmAddClassToHash 'Ljava/lang/IllegalAccessException;' 0 (isnew=1) --> 0x10004ab0
[V/dalvikvm] +++ dvmAddClassToHash 'Ljava/lang/IllegalArgumentException;' 0 (isnew=1) --> 0x10004c00
[V/dalvikvm] +++ dvmAddClassToHash 'Ljava/lang/IllegalMonitorStateException;' 0 (isnew=1) --> 0x10004d50
[V/dalvikvm] +++ dvmAddClassToHash 'Ljava/lang/IllegalStateException;' 0 (isnew=1) --> 0x10004ea0
[V/dalvikvm] +++ dvmAddClassToHash 'Ljava/lang/IllegalThreadStateException;' 0 (isnew=1) --> 0x10004ff0
[V/dalvikvm] +++ dvmAddClassToHash 'Ljava/lang/InstantiationError;' 0 (isnew=1) --> 0x10005140
[V/dalvikvm] +++ dvmAddClassToHash 'Ljava/lang/InstantiationException;' 0 (isnew=1) --> 0x10005290
[V/dalvikvm] +++ dvmAddClassToHash 'Ljava/lang/InternalError;' 0 (isnew=1) --> 0x100053e0
[V/dalvikvm] +++ dvmAddClassToHash 'Ljava/lang/VirtualMachineError;' 0 (isnew=1) --> 0x10005530
[V/dalvikvm] +++ dvmAddClassToHash 'Ljava/lang/InterruptedException;' 0 (isnew=1) --> 0x10005680
[V/dalvikvm] +++ dvmAddClassToHash 'Ljava/lang/NegativeArraySizeException;' 0 (isnew=1) --> 0x100057d0
[V/dalvikvm] +++ dvmAddClassToHash 'Ljava/lang/NoClassDefFoundError;' 0 (isnew=1) --> 0x10005920
[V/dalvikvm] +++ dvmAddClassToHash 'Ljava/lang/NoSuchFieldError;' 0 (isnew=1) --> 0x10005a70
[V/dalvikvm] +++ dvmAddClassToHash 'Ljava/lang/NoSuchFieldException;' 0 (isnew=1) --> 0x10005bc0
[V/dalvikvm] +++ dvmAddClassToHash 'Ljava/lang/NoSuchMethodError;' 0 (isnew=1) --> 0x10005d10
[V/dalvikvm] +++ dvmAddClassToHash 'Ljava/lang/NullPointerException;' 0 (isnew=1) --> 0x10005e60
[V/dalvikvm] +++ dvmAddClassToHash 'Ljava/lang/OutOfMemoryError;' 0 (isnew=1) --> 0x10005fb0
[V/dalvikvm] +++ dvmAddClassToHash 'Ljava/lang/StackOverflowError;' 0 (isnew=1) --> 0x10006100
[V/dalvikvm] +++ dvmAddClassToHash 'Ldalvik/system/StaleDexCacheError;' 0 (isnew=1) --> 0x10006250
[V/dalvikvm] +++ dvmAddClassToHash 'Ljava/lang/StringIndexOutOfBoundsException;' 0 (isnew=1) --> 0x10006370
[V/dalvikvm] +++ dvmAddClassToHash 'Ljava/lang/TypeNotPresentException;' 0 (isnew=1) --> 0x100064c0
[V/dalvikvm] +++ dvmAddClassToHash 'Ljava/lang/UnsatisfiedLinkError;' 0 (isnew=1) --> 0x10006610
[V/dalvikvm] +++ dvmAddClassToHash 'Ljava/lang/UnsupportedOperationException;' 0 (isnew=1) --> 0x10006760
[V/dalvikvm] +++ dvmAddClassToHash 'Ljava/lang/VerifyError;' 0 (isnew=1) --> 0x100068b0
[V/dalvikvm] Array class '[Ljava/lang/annotation/Annotation;' 0 not found; creating
[V/dalvikvm] +++ dvmAddClassToHash 'Ljava/lang/annotation/Annotation;' 0 (isnew=1) --> 0x10006a00
[V/dalvikvm] +++ dvmAddClassToHash '[Ljava/lang/annotation/Annotation;' 0 (isnew=1) --> 0x10006b20
[V/dalvikvm] Created array class '[Ljava/lang/annotation/Annotation;' 0 (access=0x6000.0411)
[V/dalvikvm] Array class '[[Ljava/lang/annotation/Annotation;' 0 not found; creating
[V/dalvikvm] +++ dvmAddClassToHash '[[Ljava/lang/annotation/Annotation;' 0 (isnew=1) --> 0x10006c40
[V/dalvikvm] Created array class '[[Ljava/lang/annotation/Annotation;' 0 (access=0x6000.0411)
[V/dalvikvm] +++ dvmAddClassToHash 'Ljava/lang/reflect/AccessibleObject;' 0 (isnew=1) --> 0x10006d60
[V/dalvikvm] +++ dvmAddClassToHash 'Ljava/lang/reflect/Constructor;' 0 (isnew=1) --> 0x10006eb0
[V/dalvikvm] +++ dvmAddClassToHash 'Ljava/lang/reflect/Member;' 0 (isnew=1) --> 0x10006fd0
[V/dalvikvm] --- LinearRealloc(296) old=356
[V/dalvikvm] Array class '[Ljava/lang/reflect/Constructor;' 0 not found; creating
[V/dalvikvm] +++ dvmAddClassToHash '[Ljava/lang/reflect/Constructor;' 0 (isnew=1) --> 0x10007140
[V/dalvikvm] Created array class '[Ljava/lang/reflect/Constructor;' 0 (access=0x6000.0411)
[V/dalvikvm] +++ dvmAddClassToHash 'Ljava/lang/reflect/Field;' 0 (isnew=1) --> 0x10007260
[V/dalvikvm] --- LinearRealloc(400) old=460
[V/dalvikvm] Array class '[Ljava/lang/reflect/Field;' 0 not found; creating
[V/dalvikvm] +++ dvmAddClassToHash '[Ljava/lang/reflect/Field;' 0 (isnew=1) --> 0x100074f0
[V/dalvikvm] Created array class '[Ljava/lang/reflect/Field;' 0 (access=0x6000.0411)
[V/dalvikvm] +++ dvmAddClassToHash 'Ljava/lang/reflect/Method;' 0 (isnew=1) --> 0x10007610
[V/dalvikvm] --- LinearRealloc(328) old=388
[V/dalvikvm] Array class '[Ljava/lang/reflect/Method;' 0 not found; creating
[V/dalvikvm] +++ dvmAddClassToHash '[Ljava/lang/reflect/Method;' 0 (isnew=1) --> 0x10007780
[V/dalvikvm] Created array class '[Ljava/lang/reflect/Method;' 0 (access=0x6000.0411)
[V/dalvikvm] +++ dvmAddClassToHash 'Ljava/lang/reflect/Proxy;' 0 (isnew=1) --> 0x100078a0
[V/dalvikvm] +++ dvmAddClassToHash 'Ljava/lang/System;' 0 (isnew=1) --> 0x10007a90
[V/dalvikvm] +++ dvmAddClassToHash 'Ljava/nio/DirectByteBuffer;' 0 (isnew=1) --> 0x10007c80
[V/dalvikvm] +++ dvmAddClassToHash 'Ljava/nio/ByteBuffer;' 0 (isnew=1) --> 0x10007da0
[V/dalvikvm] +++ dvmAddClassToHash 'Ljava/nio/Buffer;' 0 (isnew=1) --> 0x10007ec0
[V/dalvikvm] --- LinearRealloc(456) old=476
[V/dalvikvm] --- LinearRealloc(456) old=668
[V/dalvikvm] +++ dvmAddClassToHash 'Lorg/apache/harmony/dalvik/ddmc/Chunk;' 0 (isnew=1) --> 0x10007fe0
[V/dalvikvm] +++ dvmAddClassToHash 'Lorg/apache/harmony/dalvik/ddmc/DdmServer;' 0 (isnew=1) --> 0x10008100
[V/dalvikvm] +++ dvmAddClassToHash 'Llibcore/reflect/AnnotationFactory;' 0 (isnew=1) --> 0x10008310
[V/dalvikvm] +++ dvmAddClassToHash 'Ljava/lang/reflect/InvocationHandler;' 0 (isnew=1) --> 0x10008460
[V/dalvikvm] --- LinearRealloc(96) old=124
[V/dalvikvm] +++ dvmAddClassToHash 'Llibcore/reflect/AnnotationMember;' 0 (isnew=1) --> 0x10008580
[V/dalvikvm] --- LinearRealloc(128) old=156
[V/dalvikvm] Array class '[Llibcore/reflect/AnnotationMember;' 0 not found; creating
[V/dalvikvm] +++ dvmAddClassToHash '[Llibcore/reflect/AnnotationMember;' 0 (isnew=1) --> 0x10008740
[V/dalvikvm] Created array class '[Llibcore/reflect/AnnotationMember;' 0 (access=0x6000.0411)
[V/dalvikvm] +++ dvmAddClassToHash 'Ljava/io/FileDescriptor;' 0 (isnew=1) --> 0x10008860
[V/dalvikvm] +++ dvmAddClassToHash 'Ljava/lang/ref/FinalizerReference;' 0 (isnew=1) --> 0x10008a00
[V/dalvikvm] +++ dvmAddClassToHash 'Ljava/lang/ref/Reference;' 0 (isnew=1) --> 0x10008ba0
[V/dalvikvm] --- LinearRealloc(128) old=148
[V/dalvikvm] +++ dvmAddClassToHash 'Ldalvik/system/VMDebug;' 0 (isnew=1) --> 0x10008cc0
[V/dalvikvm] +++ dvmAddClassToHash 'Ldalvik/system/NativeStart;' 0 (isnew=1) --> 0x10008de0
[V/dalvikvm] +++ dvmAddClassToHash 'Ljava/lang/ref/ReferenceQueue;' 0 (isnew=1) --> 0x10008f00
[V/dalvikvm] ----- type is 0x04 2, ptr=0x7fa5822419 [0x03b3f1]
[V/dalvikvm] ----- type is 0x06 7, ptr=0x7fa5822510 [0x03b4e8]
[V/dalvikvm] +++  loading 'Lcom/westlake/ohostests/xcomponent/XComponentBridge;'
[V/dalvikvm] +++ dvmAddClassToHash 'Lcom/westlake/ohostests/xcomponent/XComponentBridge;' 0 (isnew=1) --> 0x10009070
[V/dalvikvm] +++  loading 'Lcom/westlake/ohostests/xcomponent/XComponentTest;'
[V/dalvikvm] +++ dvmAddClassToHash 'Lcom/westlake/ohostests/xcomponent/XComponentTest;' 0 (isnew=1) --> 0x10009210
[V/dalvikvm] DexOpt: +++ successfully loaded 2 classes
[V/dalvikvm] ----- type is 0x06 7, ptr=0x7fa5822573 [0x03b54b]
[V/dalvikvm] ----- type is 0x06 7, ptr=0x7fa58225fa [0x03b5d2]
[V/dalvikvm] ----- type is 0x06 7, ptr=0x7fa58226c8 [0x03b6a0]
[V/dalvikvm] ----- type is 0x06 7, ptr=0x7fa58227ae [0x03b786]
[V/dalvikvm] Skipping init of exception Ljava/lang/NoClassDefFoundError; 'org/apache/harmony/dalvik/NativeTestTarget'
[E/dalvikvm] dvmFindInlinableMethod: can't find class 'Lorg/apache/harmony/dalvik/NativeTestTarget;'
[E/dalvikvm] Unable to find method for inlining: Lorg/apache/harmony/dalvik/NativeTestTarget;.emptyInlineMethod:()V
[V/dalvikvm] +++ dvmAddClassToHash 'Ljava/lang/Math;' 0 (isnew=1) --> 0x10009380
[V/dalvikvm] +++ dvmAddClassToHash 'Ljava/lang/Float;' 0 (isnew=1) --> 0x10009520
[V/dalvikvm] +++ dvmAddClassToHash 'Ljava/lang/Number;' 0 (isnew=1) --> 0x10009910
[V/dalvikvm] --- LinearRealloc(168) old=244
[V/dalvikvm] +++ dvmAddClassToHash 'Ljava/lang/Double;' 0 (isnew=1) --> 0x10009a60
[V/dalvikvm] --- LinearRealloc(168) old=244
[V/dalvikvm] +++ dvmAddClassToHash 'Ljava/lang/StrictMath;' 0 (isnew=1) --> 0x10009e50
[E/dalvikvm] dvmFindInlinableMethod: can't find method Ljava/lang/StrictMath;.min (II)I
[E/dalvikvm] Unable to find method for inlining: Ljava/lang/StrictMath;.min:(II)I
[E/dalvikvm] dvmFindInlinableMethod: can't find method Ljava/lang/StrictMath;.max (II)I
[E/dalvikvm] Unable to find method for inlining: Ljava/lang/StrictMath;.max:(II)I
[V/dalvikvm] +++ grm: Lcom/westlake/ohostests/xcomponent/XComponentBridge;.<clinit> (adr=1 gpc=2 rwd=1 bsz=8)
[V/dalvikvm] mapData=0x7fa68723e8 pMap=0x7fa68723e0 bufSize=8
[V/dalvikvm] +++ grm: Lcom/westlake/ohostests/xcomponent/XComponentBridge;.<init> (adr=1 gpc=2 rwd=1 bsz=8)
[V/dalvikvm] mapData=0x7fa6872408 pMap=0x7fa6872400 bufSize=8
[V/dalvikvm] +++ grm: Lcom/westlake/ohostests/xcomponent/XComponentBridge;.getLoadError (adr=1 gpc=2 rwd=1 bsz=8)
[V/dalvikvm] mapData=0x7fa6872268 pMap=0x7fa6872260 bufSize=8
[V/dalvikvm] +++ grm: Lcom/westlake/ohostests/xcomponent/XComponentBridge;.isLoaded (adr=1 gpc=1 rwd=1 bsz=6)
[V/dalvikvm] mapData=0x7fa6872296 pMap=0x7fa6872290 bufSize=6
[V/dalvikvm] Can't compress map with 0 or 1 entries
[V/dalvikvm] +++ grm: Lcom/westlake/ohostests/xcomponent/XComponentTest;.<init> (adr=1 gpc=2 rwd=1 bsz=8)
[V/dalvikvm] mapData=0x7fa6872338 pMap=0x7fa6872330 bufSize=8
[V/dalvikvm] +++ dvmAddClassToHash 'Ljava/io/PrintStream;' 0 (isnew=1) --> 0x10009f70
[V/dalvikvm] +++ dvmAddClassToHash 'Ljava/io/OutputStream;' 0 (isnew=1) --> 0x1000a090
[V/dalvikvm] +++ dvmAddClassToHash 'Ljava/io/Closeable;' 0 (isnew=1) --> 0x1000a1b0
[V/dalvikvm] +++ dvmAddClassToHash 'Ljava/lang/AutoCloseable;' 0 (isnew=1) --> 0x1000a2d0
[V/dalvikvm] +++ dvmAddClassToHash 'Ljava/io/Flushable;' 0 (isnew=1) --> 0x1000a3f0
[V/dalvikvm] +++ dvmAddClassToHash 'Ljava/lang/Appendable;' 0 (isnew=1) --> 0x1000a510
[V/dalvikvm] --- LinearRealloc(208) old=236
[V/dalvikvm] +++ grm: Lcom/westlake/ohostests/xcomponent/XComponentTest;.emit (adr=1 gpc=3 rwd=1 bsz=10)
[V/dalvikvm] mapData=0x7fa687238a pMap=0x7fa6872380 bufSize=10
[V/dalvikvm] Array class '[Ljava/lang/String;' 0 not found; creating
[V/dalvikvm] +++ dvmAddClassToHash '[Ljava/lang/String;' 0 (isnew=1) --> 0x1000a630
[V/dalvikvm] Created array class '[Ljava/lang/String;' 0 (access=0x6000.0411)
[V/dalvikvm] +++ dvmAddClassToHash 'Ljava/lang/StringBuilder;' 0 (isnew=1) --> 0x1000a750
[V/dalvikvm] +++ dvmAddClassToHash 'Ljava/lang/AbstractStringBuilder;' 0 (isnew=1) --> 0x1000a8a0
[V/dalvikvm] --- LinearRealloc(384) old=396
[V/dalvikvm] --- LinearRealloc(648) old=812
[V/dalvikvm] +++ dvmAddClassToHash 'Ljava/lang/Long;' 0 (isnew=1) --> 0x1000a9f0
[V/dalvikvm] --- LinearRealloc(152) old=228
[V/dalvikvm] +++ grm: Lcom/westlake/ohostests/xcomponent/XComponentTest;.main (adr=2 gpc=212 rwd=2 bsz=852)
[V/dalvikvm] mapData=0x7fa5838b74 pMap=0x7fa5838820 bufSize=852
[D/dalvikvm] DexOpt: load 9ms, verify+opt 6ms, 154148 bytes
[V/dalvikvm] +++ DEX 0x11605000: freeing aux structs
[V/dalvikvm] +++ DEX 0x11606000: allocateAux (180+30+52+12)*4 = 1096 bytes
[V/dalvikvm] TOTAL size of register maps: 324
[V/dalvikvm] +++ DEX 0x11606000: freeing aux structs
[V/dalvikvm] +++ DexOpt: found dep '/data/dalvik-cache/data@local@tmp@westlake@bcp@core-kitkat.jar@classes.dex'
[V/dalvikvm] +++ DexOpt: found dep '/data/dalvik-cache/data@local@tmp@westlake@bcp@direct-print-stream.jar@classes.dex'
[V/dalvikvm] Adjusting opt start from 5182 to 5184
[V/dalvikvm] Writing chunk, type=PKLC size=56
[V/dalvikvm] Writing chunk, type=PAMR size=324
[V/dalvikvm] size was 324, inserting 4 pad bytes
[V/dalvikvm] Writing chunk, type=DNEA size=0
[V/dalvikvm] Successfully wrote DEX header
[V/dalvikvm] munmap(0x7fa53e7000, 4194304) succeeded
[V/dalvikvm] DexOpt command complete (result=0)
[D/dalvikvm] DexOpt: --- END 'XComponentTest.dex' (success) ---
[D/dalvikvm] DEX prep '/data/local/tmp/westlake/XComponentTest.dex': copy in 0ms, rewrite 29ms
[V/dalvikvm] Good opt header, DEX offset is 40, flags=0x00
[V/dalvikvm] +++ found register maps, size=324
[V/dalvikvm] +++ DEX 0xf77d3000: allocateAux (90+15+26+6)*4 = 548 bytes
[V/dalvikvm] Successfully opened '/data/local/tmp/westlake/XComponentTest.dex'
[V/dalvikvm] +++ dvmAddClassToHash 'Ljava/lang/Object;' 0 (isnew=1) --> 0xf2ac0890
[V/dalvikvm] +++ dvmAddClassToHash 'Ljava/lang/Throwable;' 0 (isnew=1) --> 0xf2ac0938
[V/dalvikvm] +++ dvmAddClassToHash 'Ljava/io/Serializable;' 0 (isnew=1) --> 0xf2ac09f8
[V/dalvikvm] --- LinearRealloc(92) old=100
[V/dalvikvm] Array class '[Ljava/lang/Class;' 0 not found; creating
[V/dalvikvm] +++ dvmAddClassToHash 'Ljava/lang/Class;' 0 (isnew=1) --> 0xf2ac01e8
[V/dalvikvm] +++ dvmAddClassToHash 'Ljava/lang/reflect/AnnotatedElement;' 0 (isnew=1) --> 0xf2ac0aa0
[V/dalvikvm] +++ dvmAddClassToHash 'Ljava/lang/reflect/GenericDeclaration;' 0 (isnew=1) --> 0xf2ac0b48
[V/dalvikvm] +++ dvmAddClassToHash 'Ljava/lang/reflect/Type;' 0 (isnew=1) --> 0xf2ac0bf0
[V/dalvikvm] --- LinearRealloc(288) old=292
[V/dalvikvm] +++ dvmAddClassToHash 'Ljava/lang/Cloneable;' 0 (isnew=1) --> 0xf2ac0d40
[V/dalvikvm] +++ dvmAddClassToHash '[Ljava/lang/Class;' 0 (isnew=1) --> 0xf2ac0c98
[V/dalvikvm] Created array class '[Ljava/lang/Class;' 0 (access=0x6000.0411)
[V/dalvikvm] +++ dvmAddClassToHash 'Ljava/lang/ClassLoader;' 0 (isnew=1) --> 0xf2ac0de8
[V/dalvikvm] Array class '[Ljava/lang/Object;' 0 not found; creating
[V/dalvikvm] +++ dvmAddClassToHash '[Ljava/lang/Object;' 0 (isnew=1) --> 0xf2ac0e90
[V/dalvikvm] Created array class '[Ljava/lang/Object;' 0 (access=0x6000.0411)
[V/dalvikvm] +++ dvmAddClassToHash 'Ljava/lang/StackTraceElement;' 0 (isnew=1) --> 0xf2ac1008
[V/dalvikvm] --- LinearRealloc(64) old=76
[V/dalvikvm] Array class '[Ljava/lang/StackTraceElement;' 0 not found; creating
[V/dalvikvm] +++ dvmAddClassToHash '[Ljava/lang/StackTraceElement;' 0 (isnew=1) --> 0xf2ac0f38
[V/dalvikvm] Created array class '[Ljava/lang/StackTraceElement;' 0 (access=0x6000.0411)
[V/dalvikvm] +++ dvmAddClassToHash 'Ljava/lang/String;' 0 (isnew=1) --> 0xf2ac10e0
[V/dalvikvm] +++ dvmAddClassToHash 'Ljava/lang/Comparable;' 0 (isnew=1) --> 0xf2ac11e8
[V/dalvikvm] +++ dvmAddClassToHash 'Ljava/lang/CharSequence;' 0 (isnew=1) --> 0xf2ac1290
[V/dalvikvm] --- LinearRealloc(248) old=260
[V/dalvikvm] +++ dvmAddClassToHash 'Ljava/lang/Thread;' 0 (isnew=1) --> 0xf2ac1338
[V/dalvikvm] +++ dvmAddClassToHash 'Ljava/lang/Runnable;' 0 (isnew=1) --> 0xf2ac1470
[V/dalvikvm] --- LinearRealloc(180) old=188
[V/dalvikvm] +++ dvmAddClassToHash 'Ljava/lang/ThreadGroup;' 0 (isnew=1) --> 0xf2ac1518
[V/dalvikvm] +++ dvmAddClassToHash 'Ljava/lang/Thread$UncaughtExceptionHandler;' 0 (isnew=1) --> 0xf2ac15f0
[V/dalvikvm] --- LinearRealloc(144) old=148
[V/dalvikvm] +++ dvmAddClassToHash 'Ljava/lang/VMThread;' 0 (isnew=1) --> 0xf2ac1698
[V/dalvikvm] Array class '[Z' 0 not found; creating
[V/dalvikvm] +++ dvmAddClassToHash '[Z' 0 (isnew=1) --> 0xf2ac1758
[V/dalvikvm] Created array class '[Z' 0 (access=0x4000.0411)
[V/dalvikvm] Array class '[B' 0 not found; creating
[V/dalvikvm] +++ dvmAddClassToHash '[B' 0 (isnew=1) --> 0xf2ac1800
[V/dalvikvm] Created array class '[B' 0 (access=0x4000.0411)
[V/dalvikvm] Array class '[S' 0 not found; creating
[V/dalvikvm] +++ dvmAddClassToHash '[S' 0 (isnew=1) --> 0xf2ac18a8
[V/dalvikvm] Created array class '[S' 0 (access=0x4000.0411)
[V/dalvikvm] Array class '[C' 0 not found; creating
[V/dalvikvm] +++ dvmAddClassToHash '[C' 0 (isnew=1) --> 0xf2ac1950
[V/dalvikvm] Created array class '[C' 0 (access=0x4000.0411)
[V/dalvikvm] Array class '[I' 0 not found; creating
[V/dalvikvm] +++ dvmAddClassToHash '[I' 0 (isnew=1) --> 0xf2ac19f8
[V/dalvikvm] Created array class '[I' 0 (access=0x4000.0411)
[V/dalvikvm] Array class '[J' 0 not found; creating
[V/dalvikvm] +++ dvmAddClassToHash '[J' 0 (isnew=1) --> 0xf2ac1aa0
[V/dalvikvm] Created array class '[J' 0 (access=0x4000.0411)
[V/dalvikvm] Array class '[F' 0 not found; creating
[V/dalvikvm] +++ dvmAddClassToHash '[F' 0 (isnew=1) --> 0xf2ac1b48
[V/dalvikvm] Created array class '[F' 0 (access=0x4000.0411)
[V/dalvikvm] Array class '[D' 0 not found; creating
[V/dalvikvm] +++ dvmAddClassToHash '[D' 0 (isnew=1) --> 0xf2ac1bf0
[V/dalvikvm] Created array class '[D' 0 (access=0x4000.0411)
[V/dalvikvm] +++ dvmAddClassToHash 'Ljava/lang/AbstractMethodError;' 0 (isnew=1) --> 0xf2ac1c98
[V/dalvikvm] +++ dvmAddClassToHash 'Ljava/lang/IncompatibleClassChangeError;' 0 (isnew=1) --> 0xf2ac1d58
[V/dalvikvm] +++ dvmAddClassToHash 'Ljava/lang/LinkageError;' 0 (isnew=1) --> 0xf2ac1e18
[V/dalvikvm] +++ dvmAddClassToHash 'Ljava/lang/Error;' 0 (isnew=1) --> 0xf2ac1ed8
[V/dalvikvm] +++ dvmAddClassToHash 'Ljava/lang/ArithmeticException;' 0 (isnew=1) --> 0xf2ac1f98
[V/dalvikvm] +++ dvmAddClassToHash 'Ljava/lang/RuntimeException;' 0 (isnew=1) --> 0xf2ac2058
[V/dalvikvm] +++ dvmAddClassToHash 'Ljava/lang/Exception;' 0 (isnew=1) --> 0xf2ac2118
[V/dalvikvm] +++ dvmAddClassToHash 'Ljava/lang/ArrayIndexOutOfBoundsException;' 0 (isnew=1) --> 0xf2ac21d8
[V/dalvikvm] +++ dvmAddClassToHash 'Ljava/lang/IndexOutOfBoundsException;' 0 (isnew=1) --> 0xf2ac2298
[V/dalvikvm] +++ dvmAddClassToHash 'Ljava/lang/ArrayStoreException;' 0 (isnew=1) --> 0xf2ac2358
[V/dalvikvm] +++ dvmAddClassToHash 'Ljava/lang/ClassCastException;' 0 (isnew=1) --> 0xf2ac2418
[V/dalvikvm] +++ dvmAddClassToHash 'Ljava/lang/ClassCircularityError;' 0 (isnew=1) --> 0xf2ac24d8
[V/dalvikvm] +++ dvmAddClassToHash 'Ljava/lang/ClassNotFoundException;' 0 (isnew=1) --> 0xf2ac2598
[V/dalvikvm] +++ dvmAddClassToHash 'Ljava/lang/ReflectiveOperationException;' 0 (isnew=1) --> 0xf2ac2658
[V/dalvikvm] --- LinearRealloc(96) old=100
[V/dalvikvm] +++ dvmAddClassToHash 'Ljava/lang/ClassFormatError;' 0 (isnew=1) --> 0xf2ac2700
[V/dalvikvm] +++ dvmAddClassToHash 'Ljava/lang/ExceptionInInitializerError;' 0 (isnew=1) --> 0xf2ac27c0
[V/dalvikvm] --- LinearRealloc(96) old=100
[V/dalvikvm] +++ dvmAddClassToHash 'Ljava/io/FileNotFoundException;' 0 (isnew=1) --> 0xf2ac2880
[V/dalvikvm] +++ dvmAddClassToHash 'Ljava/io/IOException;' 0 (isnew=1) --> 0xf2ac2940
[V/dalvikvm] +++ dvmAddClassToHash 'Ljava/lang/IllegalAccessError;' 0 (isnew=1) --> 0xf2ac29e8
[V/dalvikvm] +++ dvmAddClassToHash 'Ljava/lang/IllegalAccessException;' 0 (isnew=1) --> 0xf2ac2aa8
[V/dalvikvm] +++ dvmAddClassToHash 'Ljava/lang/IllegalArgumentException;' 0 (isnew=1) --> 0xf2ac2b68
[V/dalvikvm] +++ dvmAddClassToHash 'Ljava/lang/IllegalMonitorStateException;' 0 (isnew=1) --> 0xf2ac2c28
[V/dalvikvm] +++ dvmAddClassToHash 'Ljava/lang/IllegalStateException;' 0 (isnew=1) --> 0xf2ac2ce8
[V/dalvikvm] +++ dvmAddClassToHash 'Ljava/lang/IllegalThreadStateException;' 0 (isnew=1) --> 0xf2ac2da8
[V/dalvikvm] +++ dvmAddClassToHash 'Ljava/lang/InstantiationError;' 0 (isnew=1) --> 0xf2ac2e68
[V/dalvikvm] +++ dvmAddClassToHash 'Ljava/lang/InstantiationException;' 0 (isnew=1) --> 0xf2ac2f28
[V/dalvikvm] +++ dvmAddClassToHash 'Ljava/lang/InternalError;' 0 (isnew=1) --> 0xf2ac2fe8
[V/dalvikvm] +++ dvmAddClassToHash 'Ljava/lang/VirtualMachineError;' 0 (isnew=1) --> 0xf2ac30a8
[V/dalvikvm] +++ dvmAddClassToHash 'Ljava/lang/InterruptedException;' 0 (isnew=1) --> 0xf2ac3168
[V/dalvikvm] +++ dvmAddClassToHash 'Ljava/lang/NegativeArraySizeException;' 0 (isnew=1) --> 0xf2ac3228
[V/dalvikvm] +++ dvmAddClassToHash 'Ljava/lang/NoClassDefFoundError;' 0 (isnew=1) --> 0xf2ac32e8
[V/dalvikvm] +++ dvmAddClassToHash 'Ljava/lang/NoSuchFieldError;' 0 (isnew=1) --> 0xf2ac33a8
[V/dalvikvm] +++ dvmAddClassToHash 'Ljava/lang/NoSuchFieldException;' 0 (isnew=1) --> 0xf2ac3468
[V/dalvikvm] +++ dvmAddClassToHash 'Ljava/lang/NoSuchMethodError;' 0 (isnew=1) --> 0xf2ac3528
[V/dalvikvm] +++ dvmAddClassToHash 'Ljava/lang/NullPointerException;' 0 (isnew=1) --> 0xf2ac35e8
[V/dalvikvm] +++ dvmAddClassToHash 'Ljava/lang/OutOfMemoryError;' 0 (isnew=1) --> 0xf2ac36a8
[V/dalvikvm] +++ dvmAddClassToHash 'Ljava/lang/StackOverflowError;' 0 (isnew=1) --> 0xf2ac3768
[V/dalvikvm] +++ dvmAddClassToHash 'Ldalvik/system/StaleDexCacheError;' 0 (isnew=1) --> 0xf2ac3828
[V/dalvikvm] +++ dvmAddClassToHash 'Ljava/lang/StringIndexOutOfBoundsException;' 0 (isnew=1) --> 0xf2ac38d0
[V/dalvikvm] +++ dvmAddClassToHash 'Ljava/lang/TypeNotPresentException;' 0 (isnew=1) --> 0xf2ac3990
[V/dalvikvm] +++ dvmAddClassToHash 'Ljava/lang/UnsatisfiedLinkError;' 0 (isnew=1) --> 0xf2ac3a50
[V/dalvikvm] +++ dvmAddClassToHash 'Ljava/lang/UnsupportedOperationException;' 0 (isnew=1) --> 0xf2ac3b10
[V/dalvikvm] +++ dvmAddClassToHash 'Ljava/lang/VerifyError;' 0 (isnew=1) --> 0xf2ac3bd0
[V/dalvikvm] Array class '[Ljava/lang/annotation/Annotation;' 0 not found; creating
[V/dalvikvm] +++ dvmAddClassToHash 'Ljava/lang/annotation/Annotation;' 0 (isnew=1) --> 0xf2ac3c90
[V/dalvikvm] +++ dvmAddClassToHash '[Ljava/lang/annotation/Annotation;' 0 (isnew=1) --> 0xf2ac3d38
[V/dalvikvm] Created array class '[Ljava/lang/annotation/Annotation;' 0 (access=0x6000.0411)
[V/dalvikvm] Array class '[[Ljava/lang/annotation/Annotation;' 0 not found; creating
[V/dalvikvm] +++ dvmAddClassToHash '[[Ljava/lang/annotation/Annotation;' 0 (isnew=1) --> 0xf2ac3de0
[V/dalvikvm] Created array class '[[Ljava/lang/annotation/Annotation;' 0 (access=0x6000.0411)
[V/dalvikvm] +++ dvmAddClassToHash 'Ljava/lang/reflect/AccessibleObject;' 0 (isnew=1) --> 0xf2ac3e88
[V/dalvikvm] +++ dvmAddClassToHash 'Ljava/lang/reflect/Constructor;' 0 (isnew=1) --> 0xf2ac3f48
[V/dalvikvm] +++ dvmAddClassToHash 'Ljava/lang/reflect/Member;' 0 (isnew=1) --> 0xf2ac3ff0
[V/dalvikvm] --- LinearRealloc(148) old=180
[V/dalvikvm] Array class '[Ljava/lang/reflect/Constructor;' 0 not found; creating
[V/dalvikvm] +++ dvmAddClassToHash '[Ljava/lang/reflect/Constructor;' 0 (isnew=1) --> 0xf2ac40c8
[V/dalvikvm] Created array class '[Ljava/lang/reflect/Constructor;' 0 (access=0x6000.0411)
[V/dalvikvm] +++ dvmAddClassToHash 'Ljava/lang/reflect/Field;' 0 (isnew=1) --> 0xf2ac4170
[V/dalvikvm] --- LinearRealloc(200) old=228
[V/dalvikvm] Array class '[Ljava/lang/reflect/Field;' 0 not found; creating
[V/dalvikvm] +++ dvmAddClassToHash '[Ljava/lang/reflect/Field;' 0 (isnew=1) --> 0xf2ac42f0
[V/dalvikvm] Created array class '[Ljava/lang/reflect/Field;' 0 (access=0x6000.0411)
[V/dalvikvm] +++ dvmAddClassToHash 'Ljava/lang/reflect/Method;' 0 (isnew=1) --> 0xf2ac4398
[V/dalvikvm] --- LinearRealloc(164) old=196
[V/dalvikvm] Array class '[Ljava/lang/reflect/Method;' 0 not found; creating
[V/dalvikvm] +++ dvmAddClassToHash '[Ljava/lang/reflect/Method;' 0 (isnew=1) --> 0xf2ac4470
[V/dalvikvm] Created array class '[Ljava/lang/reflect/Method;' 0 (access=0x6000.0411)
[V/dalvikvm] +++ dvmAddClassToHash 'Ljava/lang/reflect/Proxy;' 0 (isnew=1) --> 0xf2ac4518
[V/dalvikvm] +++ dvmAddClassToHash 'Ljava/lang/System;' 0 (isnew=1) --> 0xf2ac4638
[V/dalvikvm] +++ dvmAddClassToHash 'Ljava/nio/DirectByteBuffer;' 0 (isnew=1) --> 0xf2ac4758
[V/dalvikvm] +++ dvmAddClassToHash 'Ljava/nio/ByteBuffer;' 0 (isnew=1) --> 0xf2ac4800
[V/dalvikvm] +++ dvmAddClassToHash 'Ljava/nio/Buffer;' 0 (isnew=1) --> 0xf2ac48a8
[V/dalvikvm] --- LinearRealloc(228) old=236
[V/dalvikvm] --- LinearRealloc(228) old=332
[V/dalvikvm] +++ dvmAddClassToHash 'Lorg/apache/harmony/dalvik/ddmc/Chunk;' 0 (isnew=1) --> 0xf2ac4950
[V/dalvikvm] +++ dvmAddClassToHash 'Lorg/apache/harmony/dalvik/ddmc/DdmServer;' 0 (isnew=1) --> 0xf2ac49f8
[V/dalvikvm] +++ dvmAddClassToHash 'Llibcore/reflect/AnnotationFactory;' 0 (isnew=1) --> 0xf2ac4b30
[V/dalvikvm] +++ dvmAddClassToHash 'Ljava/lang/reflect/InvocationHandler;' 0 (isnew=1) --> 0xf2ac4bf0
[V/dalvikvm] --- LinearRealloc(48) old=60
[V/dalvikvm] +++ dvmAddClassToHash 'Llibcore/reflect/AnnotationMember;' 0 (isnew=1) --> 0xf2ac4c98
[V/dalvikvm] --- LinearRealloc(64) old=76
[V/dalvikvm] Array class '[Llibcore/reflect/AnnotationMember;' 0 not found; creating
[V/dalvikvm] +++ dvmAddClassToHash '[Llibcore/reflect/AnnotationMember;' 0 (isnew=1) --> 0xf2ac4da0
[V/dalvikvm] Created array class '[Llibcore/reflect/AnnotationMember;' 0 (access=0x6000.0411)
[V/dalvikvm] +++ dvmAddClassToHash 'Ljava/io/FileDescriptor;' 0 (isnew=1) --> 0xf2ac4e48
[V/dalvikvm] +++ dvmAddClassToHash 'Ljava/lang/ref/FinalizerReference;' 0 (isnew=1) --> 0xf2ac4f38
[V/dalvikvm] +++ dvmAddClassToHash 'Ljava/lang/ref/Reference;' 0 (isnew=1) --> 0xf2ac5028
[V/dalvikvm] --- LinearRealloc(64) old=76
[V/dalvikvm] +++ dvmAddClassToHash 'Ldalvik/system/VMDebug;' 0 (isnew=1) --> 0xf2ac50d0
[V/dalvikvm] +++ dvmAddClassToHash 'Ldalvik/system/NativeStart;' 0 (isnew=1) --> 0xf2ac5178
[V/dalvikvm] +++ dvmAddClassToHash 'Ljava/lang/ref/ReferenceQueue;' 0 (isnew=1) --> 0xf2ac5220
[V/dalvikvm] ----- type is 0x04 2, ptr=0xf02db419 [0x03b3f1]
[V/dalvikvm] ----- type is 0x06 7, ptr=0xf02db573 [0x03b54b]
[V/dalvikvm] ----- type is 0x06 7, ptr=0xf02db5fa [0x03b5d2]
[V/dalvikvm] ----- type is 0x06 7, ptr=0xf02db6c8 [0x03b6a0]
[V/dalvikvm] ----- type is 0x06 7, ptr=0xf02db7ae [0x03b786]
[V/dalvikvm] ----- type is 0x1e 0, ptr=0xf02db544 [0x03b51c]
[V/dalvikvm] ----- type is 0x1e 0, ptr=0xf02db545 [0x03b51d]
[V/dalvikvm] ----- type is 0x03 1, ptr=0xf02db546 [0x03b51e]
[V/dalvikvm] ----- type is 0x06 7, ptr=0xf02db549 [0x03b521]
[V/dalvikvm] +++ dvmAddClassToHash 'Ljava/lang/String$CaseInsensitiveComparator;' 0 (isnew=1) --> 0xf2ac5338
[V/dalvikvm] +++ dvmAddClassToHash 'Ljava/util/Comparator;' 0 (isnew=1) --> 0xf2ac53f8
[V/dalvikvm] ----- type is 0x06 7, ptr=0xf02db53a [0x03b512]
[V/dalvikvm] +++ dvmAddClassToHash 'Ljava/util/Collections;' 0 (isnew=1) --> 0xf2ac5650
[V/dalvikvm] +++ dvmAddClassToHash 'Ljava/util/ArrayList;' 0 (isnew=1) --> 0xf2ac5710
[V/dalvikvm] +++ dvmAddClassToHash 'Ljava/util/AbstractList;' 0 (isnew=1) --> 0xf2ac57b8
[V/dalvikvm] +++ dvmAddClassToHash 'Ljava/util/AbstractCollection;' 0 (isnew=1) --> 0xf2ac5860
[V/dalvikvm] +++ dvmAddClassToHash 'Ljava/util/Collection;' 0 (isnew=1) --> 0xf2ac5908
[V/dalvikvm] +++ dvmAddClassToHash 'Ljava/lang/Iterable;' 0 (isnew=1) --> 0xf2ac59b0
[V/dalvikvm] --- LinearRealloc(504) old=396
[V/dalvikvm] --- LinearRealloc(80) old=76
[V/dalvikvm] +++ dvmAddClassToHash 'Ljava/util/List;' 0 (isnew=1) --> 0xf2ac5a58
[V/dalvikvm] --- LinearRealloc(96) old=100
[V/dalvikvm] --- LinearRealloc(336) old=284
[V/dalvikvm] --- LinearRealloc(100) old=100
[V/dalvikvm] --- LinearRealloc(104) old=132
[V/dalvikvm] +++ dvmAddClassToHash 'Llibcore/util/EmptyArray;' 0 (isnew=1) --> 0xf2ac5b10
[V/dalvikvm] Array class '[Ljava/lang/String;' 0 not found; creating
[V/dalvikvm] +++ dvmAddClassToHash '[Ljava/lang/String;' 0 (isnew=1) --> 0xf2ac5d98
[V/dalvikvm] Created array class '[Ljava/lang/String;' 0 (access=0x6000.0411)
[V/dalvikvm] Array class '[Ljava/lang/Throwable;' 0 not found; creating
[V/dalvikvm] +++ dvmAddClassToHash '[Ljava/lang/Throwable;' 0 (isnew=1) --> 0xf2ac5e58
[V/dalvikvm] Created array class '[Ljava/lang/Throwable;' 0 (access=0x6000.0411)
[V/dalvikvm] Array class '[Ljava/lang/reflect/TypeVariable;' 0 not found; creating
[V/dalvikvm] +++ dvmAddClassToHash 'Ljava/lang/reflect/TypeVariable;' 0 (isnew=1) --> 0xf2ac5f60
[V/dalvikvm] +++ dvmAddClassToHash '[Ljava/lang/reflect/TypeVariable;' 0 (isnew=1) --> 0xf2ac6008
[V/dalvikvm] Created array class '[Ljava/lang/reflect/TypeVariable;' 0 (access=0x6000.0411)
[E/dalvikvm] dvmFindInlinableMethod: can't find class 'Lorg/apache/harmony/dalvik/NativeTestTarget;'
[E/dalvikvm] Unable to find method for inlining: Lorg/apache/harmony/dalvik/NativeTestTarget;.emptyInlineMethod:()V
[V/dalvikvm] +++ dvmAddClassToHash 'Ljava/lang/Math;' 0 (isnew=1) --> 0xf2ac60c8
[V/dalvikvm] +++ dvmAddClassToHash 'Ljava/lang/Float;' 0 (isnew=1) --> 0xf2ac61b8
[V/dalvikvm] +++ dvmAddClassToHash 'Ljava/lang/Number;' 0 (isnew=1) --> 0xf2ac6410
[V/dalvikvm] --- LinearRealloc(84) old=124
[V/dalvikvm] +++ dvmAddClassToHash 'Ljava/lang/Double;' 0 (isnew=1) --> 0xf2ac64d0
[V/dalvikvm] --- LinearRealloc(84) old=124
[V/dalvikvm] +++ dvmAddClassToHash 'Ljava/lang/StrictMath;' 0 (isnew=1) --> 0xf2ac6728
[E/dalvikvm] dvmFindInlinableMethod: can't find method Ljava/lang/StrictMath;.min (II)I
[E/dalvikvm] Unable to find method for inlining: Ljava/lang/StrictMath;.min:(II)I
[E/dalvikvm] dvmFindInlinableMethod: can't find method Ljava/lang/StrictMath;.max (II)I
[E/dalvikvm] Unable to find method for inlining: Ljava/lang/StrictMath;.max:(II)I
[V/dalvikvm] +++ dvmAddClassToHash 'Ljava/lang/Boolean;' 0 (isnew=1) --> 0xf2ac67d0
[V/dalvikvm] --- LinearRealloc(56) old=68
[V/dalvikvm] +++ dvmAddClassToHash 'Ljava/lang/Character;' 0 (isnew=1) --> 0xf2ac68d8
[V/dalvikvm] --- LinearRealloc(56) old=68
[V/dalvikvm] +++ dvmAddClassToHash 'Ljava/lang/Byte;' 0 (isnew=1) --> 0xf2ac6fe0
[V/dalvikvm] --- LinearRealloc(76) old=116
[V/dalvikvm] +++ dvmAddClassToHash 'Ljava/lang/Short;' 0 (isnew=1) --> 0xf2ac7118
[V/dalvikvm] --- LinearRealloc(76) old=116
[V/dalvikvm] +++ dvmAddClassToHash 'Ljava/lang/Integer;' 0 (isnew=1) --> 0xf2ac7250
[V/dalvikvm] --- LinearRealloc(76) old=116
[V/dalvikvm] +++ dvmAddClassToHash 'Ljava/lang/Long;' 0 (isnew=1) --> 0xf2ac73a0
[V/dalvikvm] --- LinearRealloc(76) old=116
[V/dalvikvm] ----- type is 0x06 7, ptr=0xf02db510 [0x03b4e8]
[W/dalvikvm] addLocalReference: obj=0xf2ac01e8 -> jobj=0x1d200001
[V/dalvikvm] JNI-registered Ljava/lang/Class;.getDex:()Lcom/android/dex/Dex;
[D/dalvikvm] Trying to load lib libjavacore.so 0
[E/dalvikvm] dlopen("libjavacore.so") failed: Error loading shared library libjavacore.so: No such file or directory
[W/dalvikvm] dvmLoadNativeCode failed for "javacore": Error loading shared library libjavacore.so: No such file or directory (non-fatal)
[D/dalvikvm] Trying to load lib libnativehelper.so 0
[E/dalvikvm] dlopen("libnativehelper.so") failed: Error loading shared library libnativehelper.so: No such file or directory
[W/dalvikvm] dvmLoadNativeCode failed for "nativehelper": Error loading shared library libnativehelper.so: No such file or directory (non-fatal)
[V/dalvikvm] +++ dvmAddClassToHash 'Llibcore/io/OsConstants;' 0 (isnew=1) --> 0xf2ac74d8
[W/dalvikvm] addLocalReference: obj=0xf2ac74d8 -> jobj=0x1d200005
[E/dalvikvm] ERROR: couldn't find native method
[E/dalvikvm] Requested: Llibcore/io/OsConstants;.initConstants:()V
[V/dalvikvm] ----- type is 0x06 7, ptr=0xf02db77c [0x03b754]
[V/dalvikvm] ----- type is 0x06 7, ptr=0xf02db894 [0x03b86c]
[V/dalvikvm] Skipped non-native: libcore/io/OsConstants.initConstants
[V/dalvikvm] Registered libcore bridge: libcore/io/OsConstants (0/1 methods)
[W/dalvikvm] Class libcore/io/Posix not found - skipping bridge registration
[V/dalvikvm] +++ dvmAddClassToHash 'Llibcore/icu/ICU;' 0 (isnew=1) --> 0xf2ac77b0
[W/dalvikvm] addLocalReference: obj=0xf2ac77b0 -> jobj=0x1d200009
[W/dalvikvm] Unable to register: not native: Llibcore/icu/ICU;.getIcuVersion:()Ljava/lang/String;
[V/dalvikvm] Skipped non-native: libcore/icu/ICU.getIcuVersion
[W/dalvikvm] Unable to register: not native: Llibcore/icu/ICU;.getUnicodeVersion:()Ljava/lang/String;
[V/dalvikvm] Skipped non-native: libcore/icu/ICU.getUnicodeVersion
[W/dalvikvm] Unable to register: not native: Llibcore/icu/ICU;.getCldrVersion:()Ljava/lang/String;
[V/dalvikvm] Skipped non-native: libcore/icu/ICU.getCldrVersion
[E/dalvikvm] ERROR: couldn't find native method
[E/dalvikvm] Requested: Llibcore/icu/ICU;.getAvailableLocalesNative:()[Ljava/lang/String;
[V/dalvikvm] Skipped non-native: libcore/icu/ICU.getAvailableLocalesNative
[W/dalvikvm] Unable to register: not native: Llibcore/icu/ICU;.getDefaultLocale:()Ljava/lang/String;
[V/dalvikvm] Skipped non-native: libcore/icu/ICU.getDefaultLocale
[E/dalvikvm] ERROR: couldn't find native method
[E/dalvikvm] Requested: Llibcore/icu/ICU;.setDefaultLocale:(Ljava/lang/String;)V
[V/dalvikvm] Skipped non-native: libcore/icu/ICU.setDefaultLocale
[W/dalvikvm] Unable to register: not native: Llibcore/icu/ICU;.toLowerCase:(Ljava/lang/String;Ljava/lang/String;)Ljava/lang/String;
[V/dalvikvm] Skipped non-native: libcore/icu/ICU.toLowerCase
[W/dalvikvm] Unable to register: not native: Llibcore/icu/ICU;.toUpperCase:(Ljava/lang/String;Ljava/lang/String;)Ljava/lang/String;
[V/dalvikvm] Skipped non-native: libcore/icu/ICU.toUpperCase
[E/dalvikvm] ERROR: couldn't find native method
[E/dalvikvm] Requested: Llibcore/icu/ICU;.initLocaleDataNative:(Ljava/lang/String;Llibcore/icu/LocaleData;)Z
[V/dalvikvm] Skipped non-native: libcore/icu/ICU.initLocaleDataNative
[E/dalvikvm] ERROR: couldn't find native method
[E/dalvikvm] Requested: Llibcore/icu/ICU;.getCurrencyCode:(Ljava/lang/String;)Ljava/lang/String;
[V/dalvikvm] Skipped non-native: libcore/icu/ICU.getCurrencyCode
[E/dalvikvm] ERROR: couldn't find native method
[E/dalvikvm] Requested: Llibcore/icu/ICU;.getISO3Country:(Ljava/lang/String;)Ljava/lang/String;
[V/dalvikvm] Skipped non-native: libcore/icu/ICU.getISO3Country
[E/dalvikvm] ERROR: couldn't find native method
[E/dalvikvm] Requested: Llibcore/icu/ICU;.getISO3Language:(Ljava/lang/String;)Ljava/lang/String;
[V/dalvikvm] Skipped non-native: libcore/icu/ICU.getISO3Language
[E/dalvikvm] ERROR: couldn't find native method
[E/dalvikvm] Requested: Llibcore/icu/ICU;.getScript:(Ljava/lang/String;)Ljava/lang/String;
[V/dalvikvm] Skipped non-native: libcore/icu/ICU.getScript
[E/dalvikvm] ERROR: couldn't find native method
[E/dalvikvm] Requested: Llibcore/icu/ICU;.getBestDateTimePatternNative:(Ljava/lang/String;Ljava/lang/String;)Ljava/lang/String;
[V/dalvikvm] Skipped non-native: libcore/icu/ICU.getBestDateTimePatternNative
[E/dalvikvm] ERROR: couldn't find native method
[E/dalvikvm] Requested: Llibcore/icu/ICU;.getISOLanguagesNative:()[Ljava/lang/String;
[V/dalvikvm] Skipped non-native: libcore/icu/ICU.getISOLanguagesNative
[E/dalvikvm] ERROR: couldn't find native method
[E/dalvikvm] Requested: Llibcore/icu/ICU;.getISOCountriesNative:()[Ljava/lang/String;
[V/dalvikvm] Skipped non-native: libcore/icu/ICU.getISOCountriesNative
[V/dalvikvm] Registered libcore bridge: libcore/icu/ICU (0/16 methods)
[W/dalvikvm] Class libcore/icu/NativeConverter not found - skipping bridge registration
[W/dalvikvm] addLocalReference: obj=0xf2ac4638 -> jobj=0x1d20000d
[V/dalvikvm] JNI-registered Ljava/lang/System;.specialProperties:()[Ljava/lang/String;
[V/dalvikvm] JNI-registered Ljava/lang/System;.currentTimeMillis:()J
[V/dalvikvm] JNI-registered Ljava/lang/System;.nanoTime:()J
[V/dalvikvm] JNI-registered Ljava/lang/System;.identityHashCode:(Ljava/lang/Object;)I
[V/dalvikvm] JNI-registered Ljava/lang/System;.mapLibraryName:(Ljava/lang/String;)Ljava/lang/String;
[V/dalvikvm] JNI-registered Ljava/lang/System;.log:(CLjava/lang/String;Ljava/lang/Throwable;)V
[V/dalvikvm] Registered libcore bridge: java/lang/System (6/6 methods)
[V/dalvikvm] +++ dvmAddClassToHash 'Ljava/io/File;' 0 (isnew=1) --> 0xf2ac8c68
[W/dalvikvm] addLocalReference: obj=0xf2ac8c68 -> jobj=0x1d200011
[E/dalvikvm] ERROR: couldn't find native method
[E/dalvikvm] Requested: Ljava/io/File;.realpath:(Ljava/lang/String;)Ljava/lang/String;
[V/dalvikvm] Skipped non-native: java/io/File.realpath
[E/dalvikvm] ERROR: couldn't find native method
[E/dalvikvm] Requested: Ljava/io/File;.setLastModifiedImpl:(Ljava/lang/String;J)Z
[V/dalvikvm] Skipped non-native: java/io/File.setLastModifiedImpl
[V/dalvikvm] Registered libcore bridge: java/io/File (0/2 methods)
[V/dalvikvm] +++ dvmAddClassToHash 'Ljava/nio/charset/Charsets;' 0 (isnew=1) --> 0xf2ac8f68
[W/dalvikvm] addLocalReference: obj=0xf2ac8f68 -> jobj=0x1d200015
[V/dalvikvm] JNI-registered Ljava/nio/charset/Charsets;.toUtf8Bytes:([CII)[B
[V/dalvikvm] JNI-registered Ljava/nio/charset/Charsets;.toAsciiBytes:([CII)[B
[V/dalvikvm] JNI-registered Ljava/nio/charset/Charsets;.toIsoLatin1Bytes:([CII)[B
[V/dalvikvm] JNI-registered Ljava/nio/charset/Charsets;.asciiBytesToChars:([BII[C)V
[V/dalvikvm] JNI-registered Ljava/nio/charset/Charsets;.isoLatin1BytesToChars:([BII[C)V
[V/dalvikvm] Registered libcore bridge: java/nio/charset/Charsets (5/5 methods)
[W/dalvikvm] addLocalReference: obj=0xf2ac60c8 -> jobj=0x1d200019
[V/dalvikvm] JNI-registered Ljava/lang/Math;.ceil:(D)D
[V/dalvikvm] JNI-registered Ljava/lang/Math;.floor:(D)D
[V/dalvikvm] JNI-registered Ljava/lang/Math;.sqrt:(D)D
[V/dalvikvm] JNI-registered Ljava/lang/Math;.sin:(D)D
[V/dalvikvm] JNI-registered Ljava/lang/Math;.cos:(D)D
[V/dalvikvm] JNI-registered Ljava/lang/Math;.tan:(D)D
[V/dalvikvm] JNI-registered Ljava/lang/Math;.asin:(D)D
[V/dalvikvm] JNI-registered Ljava/lang/Math;.acos:(D)D
[V/dalvikvm] JNI-registered Ljava/lang/Math;.atan:(D)D
[V/dalvikvm] JNI-registered Ljava/lang/Math;.atan2:(DD)D
[V/dalvikvm] JNI-registered Ljava/lang/Math;.exp:(D)D
[V/dalvikvm] JNI-registered Ljava/lang/Math;.log:(D)D
[V/dalvikvm] JNI-registered Ljava/lang/Math;.log10:(D)D
[V/dalvikvm] JNI-registered Ljava/lang/Math;.pow:(DD)D
[V/dalvikvm] JNI-registered Ljava/lang/Math;.IEEEremainder:(DD)D
[V/dalvikvm] JNI-registered Ljava/lang/Math;.cbrt:(D)D
[V/dalvikvm] JNI-registered Ljava/lang/Math;.cosh:(D)D
[V/dalvikvm] JNI-registered Ljava/lang/Math;.sinh:(D)D
[V/dalvikvm] JNI-registered Ljava/lang/Math;.tanh:(D)D
[V/dalvikvm] JNI-registered Ljava/lang/Math;.expm1:(D)D
[V/dalvikvm] JNI-registered Ljava/lang/Math;.hypot:(DD)D
[V/dalvikvm] JNI-registered Ljava/lang/Math;.log1p:(D)D
[W/dalvikvm] Unable to register: not native: Ljava/lang/Math;.nextAfter:(DD)D
[V/dalvikvm] Skipped non-native: java/lang/Math.nextAfter
[E/dalvikvm] ERROR: couldn't find native method
[E/dalvikvm] Requested: Ljava/lang/Math;.nextAfter:(FF)F
[E/dalvikvm] Candidate: Ljava/lang/Math;.nextAfter:(DD)D
[E/dalvikvm] Candidate: Ljava/lang/Math;.nextAfter:(FD)F
[V/dalvikvm] Skipped non-native: java/lang/Math.nextAfter
[V/dalvikvm] JNI-registered Ljava/lang/Math;.rint:(D)D
[W/dalvikvm] Unable to register: not native: Ljava/lang/Math;.scalb:(DI)D
[V/dalvikvm] Skipped non-native: java/lang/Math.scalb
[W/dalvikvm] Unable to register: not native: Ljava/lang/Math;.scalb:(FI)F
[V/dalvikvm] Skipped non-native: java/lang/Math.scalb
[V/dalvikvm] Registered libcore bridge: java/lang/Math (23/27 methods)
[W/dalvikvm] addLocalReference: obj=0xf2ac6728 -> jobj=0x1d20001d
[E/dalvikvm] ERROR: couldn't find native method
[E/dalvikvm] Requested: Ljava/lang/StrictMath;.ceil:(D)D
[V/dalvikvm] Skipped non-native: java/lang/StrictMath.ceil
[E/dalvikvm] ERROR: couldn't find native method
[E/dalvikvm] Requested: Ljava/lang/StrictMath;.floor:(D)D
[V/dalvikvm] Skipped non-native: java/lang/StrictMath.floor
[V/dalvikvm] JNI-registered Ljava/lang/StrictMath;.sqrt:(D)D
[V/dalvikvm] JNI-registered Ljava/lang/StrictMath;.sin:(D)D
[V/dalvikvm] JNI-registered Ljava/lang/StrictMath;.cos:(D)D
[E/dalvikvm] ERROR: couldn't find native method
[E/dalvikvm] Requested: Ljava/lang/StrictMath;.tan:(D)D
[V/dalvikvm] Skipped non-native: java/lang/StrictMath.tan
[E/dalvikvm] ERROR: couldn't find native method
[E/dalvikvm] Requested: Ljava/lang/StrictMath;.asin:(D)D
[V/dalvikvm] Skipped non-native: java/lang/StrictMath.asin
[E/dalvikvm] ERROR: couldn't find native method
[E/dalvikvm] Requested: Ljava/lang/StrictMath;.acos:(D)D
[V/dalvikvm] Skipped non-native: java/lang/StrictMath.acos
[E/dalvikvm] ERROR: couldn't find native method
[E/dalvikvm] Requested: Ljava/lang/StrictMath;.atan:(D)D
[V/dalvikvm] Skipped non-native: java/lang/StrictMath.atan
[E/dalvikvm] ERROR: couldn't find native method
[E/dalvikvm] Requested: Ljava/lang/StrictMath;.atan2:(DD)D
[V/dalvikvm] Skipped non-native: java/lang/StrictMath.atan2
[E/dalvikvm] ERROR: couldn't find native method
[E/dalvikvm] Requested: Ljava/lang/StrictMath;.exp:(D)D
[V/dalvikvm] Skipped non-native: java/lang/StrictMath.exp
[E/dalvikvm] ERROR: couldn't find native method
[E/dalvikvm] Requested: Ljava/lang/StrictMath;.log:(D)D
[V/dalvikvm] Skipped non-native: java/lang/StrictMath.log
[E/dalvikvm] ERROR: couldn't find native method
[E/dalvikvm] Requested: Ljava/lang/StrictMath;.log10:(D)D
[V/dalvikvm] Skipped non-native: java/lang/StrictMath.log10
[E/dalvikvm] ERROR: couldn't find native method
[E/dalvikvm] Requested: Ljava/lang/StrictMath;.pow:(DD)D
[V/dalvikvm] Skipped non-native: java/lang/StrictMath.pow
[E/dalvikvm] ERROR: couldn't find native method
[E/dalvikvm] Requested: Ljava/lang/StrictMath;.IEEEremainder:(DD)D
[V/dalvikvm] Skipped non-native: java/lang/StrictMath.IEEEremainder
[E/dalvikvm] ERROR: couldn't find native method
[E/dalvikvm] Requested: Ljava/lang/StrictMath;.cbrt:(D)D
[V/dalvikvm] Skipped non-native: java/lang/StrictMath.cbrt
[E/dalvikvm] ERROR: couldn't find native method
[E/dalvikvm] Requested: Ljava/lang/StrictMath;.cosh:(D)D
[V/dalvikvm] Skipped non-native: java/lang/StrictMath.cosh
[E/dalvikvm] ERROR: couldn't find native method
[E/dalvikvm] Requested: Ljava/lang/StrictMath;.sinh:(D)D
[V/dalvikvm] Skipped non-native: java/lang/StrictMath.sinh
[E/dalvikvm] ERROR: couldn't find native method
[E/dalvikvm] Requested: Ljava/lang/StrictMath;.tanh:(D)D
[V/dalvikvm] Skipped non-native: java/lang/StrictMath.tanh
[E/dalvikvm] ERROR: couldn't find native method
[E/dalvikvm] Requested: Ljava/lang/StrictMath;.expm1:(D)D
[V/dalvikvm] Skipped non-native: java/lang/StrictMath.expm1
[E/dalvikvm] ERROR: couldn't find native method
[E/dalvikvm] Requested: Ljava/lang/StrictMath;.hypot:(DD)D
[V/dalvikvm] Skipped non-native: java/lang/StrictMath.hypot
[E/dalvikvm] ERROR: couldn't find native method
[E/dalvikvm] Requested: Ljava/lang/StrictMath;.log1p:(D)D
[V/dalvikvm] Skipped non-native: java/lang/StrictMath.log1p
[E/dalvikvm] ERROR: couldn't find native method
[E/dalvikvm] Requested: Ljava/lang/StrictMath;.nextAfter:(DD)D
[V/dalvikvm] Skipped non-native: java/lang/StrictMath.nextAfter
[E/dalvikvm] ERROR: couldn't find native method
[E/dalvikvm] Requested: Ljava/lang/StrictMath;.nextAfter:(FF)F
[V/dalvikvm] Skipped non-native: java/lang/StrictMath.nextAfter
[E/dalvikvm] ERROR: couldn't find native method
[E/dalvikvm] Requested: Ljava/lang/StrictMath;.rint:(D)D
[V/dalvikvm] Skipped non-native: java/lang/StrictMath.rint
[E/dalvikvm] ERROR: couldn't find native method
[E/dalvikvm] Requested: Ljava/lang/StrictMath;.scalb:(DI)D
[V/dalvikvm] Skipped non-native: java/lang/StrictMath.scalb
[E/dalvikvm] ERROR: couldn't find native method
[E/dalvikvm] Requested: Ljava/lang/StrictMath;.scalb:(FI)F
[V/dalvikvm] Skipped non-native: java/lang/StrictMath.scalb
[V/dalvikvm] Registered libcore bridge: java/lang/StrictMath (3/27 methods)
[V/dalvikvm] +++ dvmAddClassToHash 'Ljava/lang/StringToReal;' 0 (isnew=1) --> 0xf2acab28
[W/dalvikvm] addLocalReference: obj=0xf2acab28 -> jobj=0x1d200021
[E/dalvikvm] ERROR: couldn't find native method
[E/dalvikvm] Requested: Ljava/lang/StringToReal;.parseDblImpl:(Ljava/lang/String;I)D
[V/dalvikvm] Skipped non-native: java/lang/StringToReal.parseDblImpl
[E/dalvikvm] ERROR: couldn't find native method
[E/dalvikvm] Requested: Ljava/lang/StringToReal;.parseFltImpl:(Ljava/lang/String;I)F
[V/dalvikvm] Skipped non-native: java/lang/StringToReal.parseFltImpl
[V/dalvikvm] Registered libcore bridge: java/lang/StringToReal (0/2 methods)
[V/dalvikvm] +++ dvmAddClassToHash 'Ljava/lang/RealToString;' 0 (isnew=1) --> 0xf2acae30
[W/dalvikvm] addLocalReference: obj=0xf2acae30 -> jobj=0x1d200025
[E/dalvikvm] ERROR: couldn't find native method
[E/dalvikvm] Requested: Ljava/lang/RealToString;.doubleToStringImpl:(D)Ljava/lang/String;
[V/dalvikvm] Skipped non-native: java/lang/RealToString.doubleToStringImpl
[E/dalvikvm] ERROR: couldn't find native method
[E/dalvikvm] Requested: Ljava/lang/RealToString;.floatToStringImpl:(F)Ljava/lang/String;
[V/dalvikvm] Skipped non-native: java/lang/RealToString.floatToStringImpl
[V/dalvikvm] Registered libcore bridge: java/lang/RealToString (0/2 methods)
[W/dalvikvm] addLocalReference: obj=0xf2ac61b8 -> jobj=0x1d200029
[V/dalvikvm] JNI-registered Ljava/lang/Float;.floatToRawIntBits:(F)I
[V/dalvikvm] JNI-registered Ljava/lang/Float;.intBitsToFloat:(I)F
[V/dalvikvm] Registered libcore bridge: java/lang/Float (2/2 methods)
[W/dalvikvm] addLocalReference: obj=0xf2ac64d0 -> jobj=0x1d20002d
[V/dalvikvm] JNI-registered Ljava/lang/Double;.doubleToRawLongBits:(D)J
[V/dalvikvm] JNI-registered Ljava/lang/Double;.longBitsToDouble:(J)D
[V/dalvikvm] Registered libcore bridge: java/lang/Double (2/2 methods)
[W/dalvikvm] Class libcore/icu/LocaleData not found - skipping bridge registration
[V/dalvikvm] +++ dvmAddClassToHash 'Ljava/util/regex/Pattern;' 0 (isnew=1) --> 0xf2acb200
[W/dalvikvm] addLocalReference: obj=0xf2acb200 -> jobj=0x1d200031
[E/dalvikvm] ERROR: couldn't find native method
[E/dalvikvm] Requested: Ljava/util/regex/Pattern;.compileImpl:(Ljava/lang/String;I)J
[V/dalvikvm] Skipped non-native: java/util/regex/Pattern.compileImpl
[V/dalvikvm] Registered libcore bridge: java/util/regex/Pattern (0/1 methods)
[V/dalvikvm] +++ dvmAddClassToHash 'Ljava/util/regex/Matcher;' 0 (isnew=1) --> 0xf2acb3d8
[W/dalvikvm] addLocalReference: obj=0xf2acb3d8 -> jobj=0x1d200035
[E/dalvikvm] ERROR: couldn't find native method
[E/dalvikvm] Requested: Ljava/util/regex/Matcher;.openImpl:(J)J
[V/dalvikvm] Skipped non-native: java/util/regex/Matcher.openImpl
[E/dalvikvm] ERROR: couldn't find native method
[E/dalvikvm] Requested: Ljava/util/regex/Matcher;.closeImpl:(J)V
[V/dalvikvm] Skipped non-native: java/util/regex/Matcher.closeImpl
[E/dalvikvm] ERROR: couldn't find native method
[E/dalvikvm] Requested: Ljava/util/regex/Matcher;.setInputImpl:(JLjava/lang/String;II)V
[V/dalvikvm] Skipped non-native: java/util/regex/Matcher.setInputImpl
[E/dalvikvm] ERROR: couldn't find native method
[E/dalvikvm] Requested: Ljava/util/regex/Matcher;.findImpl:(JLjava/lang/String;I[I)Z
[V/dalvikvm] Skipped non-native: java/util/regex/Matcher.findImpl
[E/dalvikvm] ERROR: couldn't find native method
[E/dalvikvm] Requested: Ljava/util/regex/Matcher;.findNextImpl:(JLjava/lang/String;[I)Z
[V/dalvikvm] Skipped non-native: java/util/regex/Matcher.findNextImpl
[E/dalvikvm] ERROR: couldn't find native method
[E/dalvikvm] Requested: Ljava/util/regex/Matcher;.matchesImpl:(JLjava/lang/String;[I)Z
[V/dalvikvm] Skipped non-native: java/util/regex/Matcher.matchesImpl
[E/dalvikvm] ERROR: couldn't find native method
[E/dalvikvm] Requested: Ljava/util/regex/Matcher;.groupCountImpl:(J)I
[V/dalvikvm] Skipped non-native: java/util/regex/Matcher.groupCountImpl
[E/dalvikvm] ERROR: couldn't find native method
[E/dalvikvm] Requested: Ljava/util/regex/Matcher;.usePatternImpl:(JJ)V
[V/dalvikvm] Skipped non-native: java/util/regex/Matcher.usePatternImpl
[E/dalvikvm] ERROR: couldn't find native method
[E/dalvikvm] Requested: Ljava/util/regex/Matcher;.hitEndImpl:(J)Z
[V/dalvikvm] Skipped non-native: java/util/regex/Matcher.hitEndImpl
[E/dalvikvm] ERROR: couldn't find native method
[E/dalvikvm] Requested: Ljava/util/regex/Matcher;.requireEndImpl:(J)Z
[V/dalvikvm] Skipped non-native: java/util/regex/Matcher.requireEndImpl
[E/dalvikvm] ERROR: couldn't find native method
[E/dalvikvm] Requested: Ljava/util/regex/Matcher;.lookingAtImpl:(JLjava/lang/String;[I)Z
[V/dalvikvm] Skipped non-native: java/util/regex/Matcher.lookingAtImpl
[E/dalvikvm] ERROR: couldn't find native method
[E/dalvikvm] Requested: Ljava/util/regex/Matcher;.useAnchoringBoundsImpl:(JZ)V
[V/dalvikvm] Skipped non-native: java/util/regex/Matcher.useAnchoringBoundsImpl
[E/dalvikvm] ERROR: couldn't find native method
[E/dalvikvm] Requested: Ljava/util/regex/Matcher;.useTransparentBoundsImpl:(JZ)V
[V/dalvikvm] Skipped non-native: java/util/regex/Matcher.useTransparentBoundsImpl
[V/dalvikvm] Registered libcore bridge: java/util/regex/Matcher (0/13 methods)
[W/dalvikvm] addLocalReference: obj=0xf2ac1338 -> jobj=0x1d200039
[W/dalvikvm] Unable to register: not native: Ljava/lang/Thread;.sleep:(J)V
[V/dalvikvm] Skipped non-native: java/lang/Thread.sleep
[V/dalvikvm] Registered libcore bridge: java/lang/Thread (0/1 methods)
[V/dalvikvm] +++ dvmAddClassToHash 'Ljava/io/DirectPrintStream;' 0 (isnew=1) --> 0xf2acc3f0
[V/dalvikvm] +++ dvmAddClassToHash 'Ljava/io/PrintStream;' 0 (isnew=1) --> 0xf2acc498
[V/dalvikvm] +++ dvmAddClassToHash 'Ljava/io/OutputStream;' 0 (isnew=1) --> 0xf2acc540
[V/dalvikvm] +++ dvmAddClassToHash 'Ljava/io/Closeable;' 0 (isnew=1) --> 0xf2acc5e8
[V/dalvikvm] +++ dvmAddClassToHash 'Ljava/lang/AutoCloseable;' 0 (isnew=1) --> 0xf2acc690
[V/dalvikvm] +++ dvmAddClassToHash 'Ljava/io/Flushable;' 0 (isnew=1) --> 0xf2acc738
[V/dalvikvm] +++ dvmAddClassToHash 'Ljava/lang/Appendable;' 0 (isnew=1) --> 0xf2acc7e0
[V/dalvikvm] --- LinearRealloc(104) old=116
[V/dalvikvm] --- LinearRealloc(116) old=148
[W/dalvikvm] addLocalReference: obj=0xf2acc3f0 -> jobj=0x1d20003d
[V/dalvikvm] JNI-registered Ljava/io/DirectPrintStream;.nativeWrite:(I[BII)V
[V/dalvikvm] JNI-registered Ljava/io/DirectPrintStream;.nativeWriteByte:(II)V
[V/dalvikvm] Registered libcore bridge: java/io/DirectPrintStream (2/2 methods)
[W/dalvikvm] Class com/westlake/compat/UnixSocketBridge not found - skipping bridge registration
[W/dalvikvm] Class java/util/zip/Inflater not found - skipping bridge registration
[W/dalvikvm] Class java/util/zip/Deflater not found - skipping bridge registration
[V/dalvikvm] No liboh_bridge.so, using software renderer
[V/dalvikvm] ----- type is 0x06 7, ptr=0xf02db6e6 [0x03b6be]
[V/dalvikvm] ----- type is 0x06 7, ptr=0xf02db7d6 [0x03b7ae]
[V/dalvikvm] ----- type is 0x06 7, ptr=0xf02db79a [0x03b772]
[V/dalvikvm] +++ finishing prep on main VM thread
[V/dalvikvm] +++ dvmAddClassToHash 'Llibcore/util/CollectionUtils;' 0 (isnew=1) --> 0xf2accd30
[V/dalvikvm] ----- type is 0x06 7, ptr=0xf02db604 [0x03b5dc]
[V/dalvikvm] ----- type is 0x06 7, ptr=0xf02db6d2 [0x03b6aa]
[V/dalvikvm] ----- type is 0x06 7, ptr=0xf02db7cc [0x03b7a4]
[V/dalvikvm] Handling exception Ljava/lang/NullPointerException; at setMaxPriority:589
[V/dalvikvm] Match on catch-all block at 0x24 in Ljava/lang/ThreadGroup;.setMaxPriority for Ljava/lang/NullPointerException;
[V/dalvikvm] Handling exception Ljava/lang/NullPointerException; at setMaxPriority:592
[V/dalvikvm] No matching catch block at 0x38 in setMaxPriority for Ljava/lang/NullPointerException;
[V/dalvikvm] No matching catch block at 0x37 in <init> for Ljava/lang/NullPointerException;
[V/dalvikvm] No matching catch block at 0x0d in <clinit> for Ljava/lang/NullPointerException;
[W/dalvikvm] Exception Ljava/lang/NullPointerException; thrown while initializing Ljava/lang/ThreadGroup;
[V/dalvikvm] ----- type is 0x06 7, ptr=0xf02db74a [0x03b722]
[W/dalvikvm] ThreadGroup init failed - clearing and forcing INITIALIZED
[V/dalvikvm] ----- type is 0x04 0, ptr=0xf02db568 [0x03b540]
[V/dalvikvm] ----- type is 0x04 0, ptr=0xf02db56a [0x03b542]
[V/dalvikvm] ----- type is 0x04 2, ptr=0xf02db56c [0x03b544]
[V/dalvikvm] ----- type is 0x04 0, ptr=0xf02db570 [0x03b548]
[V/dalvikvm] Array class '[Ljava/lang/Thread$State;' 0 not found; creating
[V/dalvikvm] +++ dvmAddClassToHash 'Ljava/lang/Thread$State;' 0 (isnew=1) --> 0xf2accf58
[V/dalvikvm] +++ dvmAddClassToHash 'Ljava/lang/Enum;' 0 (isnew=1) --> 0xf2acd0a8
[V/dalvikvm] --- LinearRealloc(64) old=84
[V/dalvikvm] ----- type is 0x04 1, ptr=0xf02d7237 [0x03720f]
[V/dalvikvm] ----- type is 0x17 1, ptr=0xf02d723c [0x037214]
[V/dalvikvm] ----- type is 0x04 1, ptr=0xf02d7237 [0x03720f]
[V/dalvikvm] +++ dvmAddClassToHash '[Ljava/lang/Thread$State;' 0 (isnew=1) --> 0xf2acd180
[V/dalvikvm] Created array class '[Ljava/lang/Thread$State;' 0 (access=0x6000.4419)
[V/dalvikvm] ----- type is 0x06 7, ptr=0xf02db51a [0x03b4f2]
[V/dalvikvm] +++ dvmAddClassToHash 'Ljava/lang/Enum$1;' 0 (isnew=1) --> 0xf2acd2a8
[V/dalvikvm] +++ dvmAddClassToHash 'Llibcore/util/BasicLruCache;' 0 (isnew=1) --> 0xf2acd350
[V/dalvikvm] --- LinearRealloc(60) old=68
[W/dalvikvm] ThreadGroup.mMain null - creating stub
[W/dalvikvm] Main Thread fields set directly
[W/dalvikvm] VMThread fields set directly
[V/dalvikvm] +++ dvmAddClassToHash 'Ljava/lang/ClassLoader$SystemClassLoader;' 0 (isnew=1) --> 0xf2acd7f0
[V/dalvikvm] +++ dvmAddClassToHash 'Ljava/io/FileOutputStream;' 0 (isnew=1) --> 0xf2acd950
[V/dalvikvm] --- LinearRealloc(64) old=76
[V/dalvikvm] +++ dvmAddClassToHash 'Ljava/io/BufferedInputStream;' 0 (isnew=1) --> 0xf2acda58
[V/dalvikvm] +++ dvmAddClassToHash 'Ljava/io/InputStream;' 0 (isnew=1) --> 0xf2acdb00
[V/dalvikvm] --- LinearRealloc(60) old=68
[V/dalvikvm] +++ dvmAddClassToHash 'Ljava/io/FileInputStream;' 0 (isnew=1) --> 0xf2acdbb8
[V/dalvikvm] --- LinearRealloc(60) old=68
[V/dalvikvm] +++ dvmAddClassToHash 'Ldalvik/system/VMRuntime;' 0 (isnew=1) --> 0xf2acdcc0
[V/dalvikvm] +++ dvmAddClassToHash 'Ljava/util/Properties;' 0 (isnew=1) --> 0xf2acdd90
[V/dalvikvm] +++ dvmAddClassToHash 'Ljava/util/Hashtable;' 0 (isnew=1) --> 0xf2acde38
[V/dalvikvm] +++ dvmAddClassToHash 'Ljava/util/AbstractMap;' 0 (isnew=1) --> 0xf2acdee0
[V/dalvikvm] +++ dvmAddClassToHash 'Ljava/util/Map;' 0 (isnew=1) --> 0xf2acdf88
[V/dalvikvm] --- LinearRealloc(560) old=508
[V/dalvikvm] --- LinearRealloc(84) old=84
[V/dalvikvm] --- LinearRealloc(84) old=92
[V/dalvikvm] +++ dvmAddClassToHash 'Llibcore/io/Libcore;' 0 (isnew=1) --> 0xf2ace530
[V/dalvikvm] Handling exception Ljava/lang/NullPointerException; at getenv:210
[V/dalvikvm] No matching catch block at 0x0c in getenv for Ljava/lang/NullPointerException;
[V/dalvikvm] No matching catch block at 0x3d in initSystemProperties for Ljava/lang/NullPointerException;
[V/dalvikvm] No matching catch block at 0x04 in getProperties for Ljava/lang/NullPointerException;
[V/dalvikvm] No matching catch block at 0x03 in getProperty for Ljava/lang/NullPointerException;
[V/dalvikvm] No matching catch block at 0x01 in getProperty for Ljava/lang/NullPointerException;
[V/dalvikvm] No matching catch block at 0x2c in <clinit> for Ljava/lang/NullPointerException;
[W/dalvikvm] Exception Ljava/lang/NullPointerException; thrown while initializing Ljava/lang/System;
[V/dalvikvm] Handling exception Ljava/lang/ExceptionInInitializerError; at createSystemClassLoader:100
[V/dalvikvm] No matching catch block at 0x04 in createSystemClassLoader for Ljava/lang/ExceptionInInitializerError;
[V/dalvikvm] No matching catch block at 0x00 in access$000 for Ljava/lang/ExceptionInInitializerError;
[V/dalvikvm] No matching catch block at 0x00 in <clinit> for Ljava/lang/ExceptionInInitializerError;
[W/dalvikvm] Exception Ljava/lang/ExceptionInInitializerError; thrown while initializing Ljava/lang/ClassLoader$SystemClassLoader;
[V/dalvikvm] Handling exception Ljava/lang/ExceptionInInitializerError; at getSystemClassLoader:125
[V/dalvikvm] No matching catch block at 0x00 in getSystemClassLoader for Ljava/lang/ExceptionInInitializerError;
[W/dalvikvm] System class loader init failed - using NULL
[W/dalvikvm] WARNING: system class loader is NULL (setting main ctxt)
[W/dalvikvm] System.out = DirectPrintStream(1)
[W/dalvikvm] System.err = DirectPrintStream(2)
[W/dalvikvm] Forced System to INITIALIZED
[W/dalvikvm] Warning: tracked references remain post-initialization
[W/dalvikvm] MAIN reference table (0xf7c30eb0) dump:
[W/dalvikvm]   Last 1 entries (of 1):
[D/dalvikvm] No way to set current thread's name (GC)
[V/dalvikvm] threadid=2: interp stack at 0xf6d7c000
[V/dalvikvm] +++ dvmAddClassToHash 'Ljava/lang/ref/WeakReference;' 0 (isnew=1) --> 0xf2ace7c0
[D/dalvikvm] No way to set current thread's name (Signal Catcher)
[V/dalvikvm] threadid=3: interp stack at 0xf6d50000
[V/dalvikvm] Signal catcher thread started (threadid=3)
[V/dalvikvm] thread-start heap=898 quit=613 jdwp=1 total=1517 usec
[V/dalvikvm] CreateJavaVM succeeded
dalvikvm: DVM_PRELOAD_LIB=/data/local/tmp/westlake/libxcomponent_bridge.so
dalvikvm: preload dvmLoadNativeCode(/data/local/tmp/westlake/libxcomponent_bridge.so)
[D/dalvikvm] Trying to load lib /data/local/tmp/westlake/libxcomponent_bridge.so 0
[D/dalvikvm] Added shared lib /data/local/tmp/westlake/libxcomponent_bridge.so 0
[D/dalvikvm] No JNI_OnLoad found in /data/local/tmp/westlake/libxcomponent_bridge.so 0, skipping init
dalvikvm: preload OK /data/local/tmp/westlake/libxcomponent_bridge.so
[V/dalvikvm] +++ dvmAddClassToHash 'Lcom/westlake/ohostests/xcomponent/XComponentTest;' 0 (isnew=1) --> 0xf2ace978
[W/dalvikvm] addLocalReference: obj=0xf2ace978 -> jobj=0x1d200041
[V/dalvikvm] ----- type is 0x04 1, ptr=0xf77d529b [0x001273]
[V/dalvikvm] ----- type is 0x04 1, ptr=0xf77d529e [0x001276]
[W/dalvikvm] addLocalReference: obj=0xf2ac10e0 -> jobj=0x1d200045
[W/dalvikvm] addLocalReference: obj=0xf2acea50 -> jobj=0x1d200049
dalvikvm: invoking com.westlake.ohostests.xcomponent.XComponentTest.main()
[W/dalvikvm] addLocalReference: obj=0xf2acc3f0 -> jobj=0x1d20004d
[W/dalvikvm] addLocalReference: obj=0xf2aceaf8 -> jobj=0x1d200051
xcomp-test-start[W/dalvikvm] addLocalReference: obj=0xf2acc3f0 -> jobj=0x1d30004d

[V/dalvikvm] +++ dvmAddClassToHash 'Lcom/westlake/ohostests/xcomponent/XComponentBridge;' 0 (isnew=1) --> 0xf2aceb50
[V/dalvikvm] ----- type is 0x17 0, ptr=0xf77d5296 [0x00126e]
[V/dalvikvm] ----- type is 0x1e 0, ptr=0xf77d5298 [0x001270]
[V/dalvikvm] ----- type is 0x1f 1, ptr=0xf77d5299 [0x001271]
[W/dalvikvm] addLocalReference: obj=0xf2acc3f0 -> jobj=0x1d40004d
[W/dalvikvm] addLocalReference: obj=0xf2acede0 -> jobj=0x1d300051
tier-0 status=OK lib=libxcomponent_bridge.so loaded[W/dalvikvm] addLocalReference: obj=0xf2acc3f0 -> jobj=0x1d50004d

[V/dalvikvm] +++ scanning '/data/local/tmp/westlake/libxcomponent_bridge.so' for 'nativeInit'
[V/dalvikvm] +++ calling dlsym(Java_com_westlake_ohostests_xcomponent_XComponentBridge_nativeInit)
[V/dalvikvm] Found 'Java_com_westlake_ohostests_xcomponent_XComponentBridge_nativeInit' with dlsym
[W/dalvikvm] Found native Lcom/westlake/ohostests/xcomponent/XComponentBridge;.nativeInit at 0xf0249e5c, setting up JNI bridge
[W/dalvikvm] Calling native method via bridge (nativeFunc=0x8fed10)
[W/dalvikvm] addLocalReference: obj=0xf2aceb50 -> jobj=0x1d60004d
[W/dalvikvm] Native method returned
[W/dalvikvm] addLocalReference: obj=0xf2acc3f0 -> jobj=0x1d70004d
[W/dalvikvm] addLocalReference: obj=0xf2acef70 -> jobj=0x1d400051
tier-0b status=OK nativeInit=1[W/dalvikvm] addLocalReference: obj=0xf2acc3f0 -> jobj=0x1d80004d

[V/dalvikvm] +++ scanning '/data/local/tmp/westlake/libxcomponent_bridge.so' for 'nativeAllocNull'
[V/dalvikvm] +++ calling dlsym(Java_com_westlake_ohostests_xcomponent_XComponentBridge_nativeAllocNull)
[V/dalvikvm] Found 'Java_com_westlake_ohostests_xcomponent_XComponentBridge_nativeAllocNull' with dlsym
[W/dalvikvm] Found native Lcom/westlake/ohostests/xcomponent/XComponentBridge;.nativeAllocNull at 0xf024a0cc, setting up JNI bridge
[W/dalvikvm] Calling native method via bridge (nativeFunc=0x8fed10)
[W/dalvikvm] addLocalReference: obj=0xf2aceb50 -> jobj=0x1d90004d
[W/dalvikvm] Native method returned
[V/dalvikvm] +++ dvmAddClassToHash 'Ljava/lang/StringBuilder;' 0 (isnew=1) --> 0xf2acf000
[V/dalvikvm] +++ dvmAddClassToHash 'Ljava/lang/AbstractStringBuilder;' 0 (isnew=1) --> 0xf2acf0c0
[V/dalvikvm] --- LinearRealloc(192) old=196
[V/dalvikvm] --- LinearRealloc(324) old=404
[V/dalvikvm] ----- type is 0x04 0, ptr=0xf02db3ec [0x03b3c4]
[V/dalvikvm] ----- type is 0x06 7, ptr=0xf02db55e [0x03b536]
[V/dalvikvm] +++ dvmAddClassToHash 'Ljava/lang/IntegralToString;' 0 (isnew=1) --> 0xf2acf278
[V/dalvikvm] +++ dvmAddClassToHash 'Ljava/lang/IntegralToString$1;' 0 (isnew=1) --> 0xf2acf3e0
[V/dalvikvm] +++ dvmAddClassToHash 'Ljava/lang/ThreadLocal;' 0 (isnew=1) --> 0xf2acf488
[V/dalvikvm] --- LinearRealloc(72) old=76
[V/dalvikvm] +++ dvmAddClassToHash 'Ljava/util/concurrent/atomic/AtomicInteger;' 0 (isnew=1) --> 0xf2acf548
[V/dalvikvm] --- LinearRealloc(84) old=100
[V/dalvikvm] ----- type is 0x06 7, ptr=0xf02db524 [0x03b4fc]
[W/dalvikvm] addLocalReference: obj=0xf2acc3f0 -> jobj=0x1da0004d
[W/dalvikvm] addLocalReference: obj=0xf2acfde0 -> jobj=0x1d500051
tier-1 status=OK ret=0 (expected 0 for Alloc(NULL); any non-crash passes)[W/dalvikvm] addLocalReference: obj=0xf2acc3f0 -> jobj=0x1db0004d

[V/dalvikvm] +++ scanning '/data/local/tmp/westlake/libxcomponent_bridge.so' for 'nativeAlloc'
[V/dalvikvm] +++ calling dlsym(Java_com_westlake_ohostests_xcomponent_XComponentBridge_nativeAlloc)
[V/dalvikvm] Found 'Java_com_westlake_ohostests_xcomponent_XComponentBridge_nativeAlloc' with dlsym
[W/dalvikvm] Found native Lcom/westlake/ohostests/xcomponent/XComponentBridge;.nativeAlloc at 0xf024a108, setting up JNI bridge
[W/dalvikvm] Calling native method via bridge (nativeFunc=0x8fed10)
[W/dalvikvm] addLocalReference: obj=0xf2aceb50 -> jobj=0x1dc0004d
[W/dalvikvm] Native method returned
[V/dalvikvm] ----- type is 0x06 7, ptr=0xf02db664 [0x03b63c]
[V/dalvikvm] ----- type is 0x06 7, ptr=0xf02db66d [0x03b645]
[V/dalvikvm] ----- type is 0x04 0, ptr=0xf02db676 [0x03b64e]
[V/dalvikvm] ----- type is 0x1e 0, ptr=0xf02db678 [0x03b650]
[V/dalvikvm] ----- type is 0x1e 0, ptr=0xf02db679 [0x03b651]
[V/dalvikvm] ----- type is 0x06 7, ptr=0xf02db67a [0x03b652]
[V/dalvikvm] Array class '[Ljava/lang/Long;' 0 not found; creating
[V/dalvikvm] +++ dvmAddClassToHash '[Ljava/lang/Long;' 0 (isnew=1) --> 0xf2ad0018
[V/dalvikvm] Created array class '[Ljava/lang/Long;' 0 (access=0x6000.0411)
[V/dalvikvm] +++ dvmAddClassToHash 'Ljava/lang/ThreadLocal$Values;' 0 (isnew=1) --> 0xf2ad1dd8
[V/dalvikvm] ----- type is 0x04 0, ptr=0xf02db3ec [0x03b3c4]
[V/dalvikvm] +++ dvmAddClassToHash 'Ljava/util/Arrays;' 0 (isnew=1) --> 0xf2ad1fc0
[W/dalvikvm] addLocalReference: obj=0xf2acc3f0 -> jobj=0x1dd0004d
[W/dalvikvm] addLocalReference: obj=0xf2ad21a8 -> jobj=0x1d600051
tier-2 status=OK handle=0xf6cfaa80 size=720x1280 fmt=BGRA8888[W/dalvikvm] addLocalReference: obj=0xf2acc3f0 -> jobj=0x1de0004d

[V/dalvikvm] +++ scanning '/data/local/tmp/westlake/libxcomponent_bridge.so' for 'nativeGetSeqNum'
[V/dalvikvm] +++ calling dlsym(Java_com_westlake_ohostests_xcomponent_XComponentBridge_nativeGetSeqNum)
[V/dalvikvm] Found 'Java_com_westlake_ohostests_xcomponent_XComponentBridge_nativeGetSeqNum' with dlsym
[W/dalvikvm] Found native Lcom/westlake/ohostests/xcomponent/XComponentBridge;.nativeGetSeqNum at 0xf024a1e4, setting up JNI bridge
[W/dalvikvm] Calling native method via bridge (nativeFunc=0x8fed10)
[W/dalvikvm] addLocalReference: obj=0xf2aceb50 -> jobj=0x1df0004d
[W/dalvikvm] Native method returned
[W/dalvikvm] addLocalReference: obj=0xf2acc3f0 -> jobj=0x1e00004d
[W/dalvikvm] addLocalReference: obj=0xf2ad23c0 -> jobj=0x1d700051
diag GetSeqNum=736821249[W/dalvikvm] addLocalReference: obj=0xf2acc3f0 -> jobj=0x1e10004d

[V/dalvikvm] +++ scanning '/data/local/tmp/westlake/libxcomponent_bridge.so' for 'nativeFillRed'
[V/dalvikvm] +++ calling dlsym(Java_com_westlake_ohostests_xcomponent_XComponentBridge_nativeFillRed)
[V/dalvikvm] Found 'Java_com_westlake_ohostests_xcomponent_XComponentBridge_nativeFillRed' with dlsym
[W/dalvikvm] Found native Lcom/westlake/ohostests/xcomponent/XComponentBridge;.nativeFillRed at 0xf024a224, setting up JNI bridge
[W/dalvikvm] Calling native method via bridge (nativeFunc=0x8fed10)
[W/dalvikvm] addLocalReference: obj=0xf2aceb50 -> jobj=0x1e20004d
[W/dalvikvm] Native method returned
[W/dalvikvm] addLocalReference: obj=0xf2acc3f0 -> jobj=0x1e30004d
[W/dalvikvm] addLocalReference: obj=0xf2ad2500 -> jobj=0x1d800051
tier-3 status=OK fill=BGRA8888 0xFFFF0000 (red, alpha=ff) size=720x1280[W/dalvikvm] addLocalReference: obj=0xf2acc3f0 -> jobj=0x1e40004d

[V/dalvikvm] +++ scanning '/data/local/tmp/westlake/libxcomponent_bridge.so' for 'nativeUnref'
[V/dalvikvm] +++ calling dlsym(Java_com_westlake_ohostests_xcomponent_XComponentBridge_nativeUnref)
[V/dalvikvm] Found 'Java_com_westlake_ohostests_xcomponent_XComponentBridge_nativeUnref' with dlsym
[W/dalvikvm] Found native Lcom/westlake/ohostests/xcomponent/XComponentBridge;.nativeUnref at 0xf024a38c, setting up JNI bridge
[W/dalvikvm] Calling native method via bridge (nativeFunc=0x8fed10)
[W/dalvikvm] addLocalReference: obj=0xf2aceb50 -> jobj=0x1e50004d
[W/dalvikvm] Native method returned
[W/dalvikvm] addLocalReference: obj=0xf2acc3f0 -> jobj=0x1e60004d
[W/dalvikvm] addLocalReference: obj=0xf2ad2740 -> jobj=0x1d900051
cleanup Unref rc=0[W/dalvikvm] addLocalReference: obj=0xf2acc3f0 -> jobj=0x1e70004d

[W/dalvikvm] addLocalReference: obj=0xf2acc3f0 -> jobj=0x1e80004d
[W/dalvikvm] addLocalReference: obj=0xf2ad2890 -> jobj=0x1da00051
xcomp-test-done highest=3[W/dalvikvm] addLocalReference: obj=0xf2acc3f0 -> jobj=0x1e90004d

[V/dalvikvm] VM shutting down
[D/dalvikvm-heap] Marking...
[D/dalvikvm-heap] Recursing...
[D/dalvikvm-heap] Sweeping...
[D/dalvikvm-heap] Cleaning up...
[D/dalvikvm-heap] Done.
[V/dalvikvm-heap] GC finished
[V/dalvikvm-heap] Resuming threads
[D/dalvikvm] GC_CONCURRENT freed 23K, 34% free 50K/76K, paused 0ms+0ms, total 1ms
[V/dalvikvm] Handling exception Ljava/lang/NullPointerException; at removeThread:717
[V/dalvikvm] Match on catch-all block at 0x05 in Ljava/lang/ThreadGroup;.removeThread for Ljava/lang/NullPointerException;
[V/dalvikvm] Handling exception Ljava/lang/NullPointerException; at removeThread:723
[V/dalvikvm] No matching catch block at 0x26 in removeThread for Ljava/lang/NullPointerException;
[V/dalvikvm] threadid=2: bye!
[V/dalvikvm] Handling exception Ljava/lang/NullPointerException; at removeThread:717
[V/dalvikvm] Match on catch-all block at 0x05 in Ljava/lang/ThreadGroup;.removeThread for Ljava/lang/NullPointerException;
[V/dalvikvm] Handling exception Ljava/lang/NullPointerException; at removeThread:723
[V/dalvikvm] No matching catch block at 0x26 in removeThread for Ljava/lang/NullPointerException;
[V/dalvikvm] threadid=3: bye!
[V/dalvikvm] signal catcher has shut down
[V/dalvikvm] +++ DEX 0xf77d9000: freeing aux structs
[V/dalvikvm] munmap(0xf02a0000, 295160) succeeded
[V/dalvikvm] Closing archive 0xf7813e70
[V/dalvikvm] munmap(0xf77e0000, 66) succeeded
[V/dalvikvm] +++ DEX 0xf77d6000: freeing aux structs
[V/dalvikvm] munmap(0xf77d7000, 2736) succeeded
[V/dalvikvm] Closing archive 0xf7813df0
[V/dalvikvm] munmap(0xf77d8000, 1770) succeeded
[V/dalvikvm] +++ DEX 0xf77d3000: freeing aux structs
[V/dalvikvm] munmap(0xf77d4000, 5592) succeeded
