=== midflight clients ===
             command  tgid dev master a   uid      magic
     av_codec_servic   530 128   n    n  1013          0
          codec_host   472   0   n    n  3031          0
          codec_host   472   0   n    n  3031          0
          codec_host   472   0   n    n  3031          0
         camera_host   502 128   n    n  3028          0
      allocator_host  5312 128   n    n  3041          0
      render_service  5955 128   n    n  1003          0
       composer_host  6902   0   n    n  3036          0
       m6-drm-daemon  7390   0   y    y     0          0
=== midflight state ===
plane[56]: Smart1-win0
	crtc=(null)
	fb=0
	crtc-pos=0x0+0+0
	src-pos=0.000000x0.000000+0.000000+0.000000
	rotation=1
	normalized-zpos=1
	color-encoding=ITU-R BT.601 YCbCr
	color-range=YCbCr limited range
plane[78]: Smart0-win0
	crtc=video_port1
	fb=163
		allocated by = m6-drm-daemon
		refcount=2
		format=XR24 little-endian (0x34325258)
		modifier=0x0
		size=720x1280
		layers:
			size[0]=720x1280
			pitch[0]=2880
			offset[0]=0
			obj[0]:
				name=0
				refcount=3
				start=00100384
				size=3686400
				imported=no
	crtc-pos=720x1280+0+0
	src-pos=720.000000x1280.000000+0.000000+0.000000
	rotation=1
	normalized-zpos=0
	color-encoding=ITU-R BT.601 YCbCr
	color-range=YCbCr limited range
plane[100]: Esmart1-win0
	crtc=(null)
	fb=0
	crtc-pos=0x0+0+0
	src-pos=0.000000x0.000000+0.000000+0.000000
	rotation=1
	normalized-zpos=2
	color-encoding=ITU-R BT.601 YCbCr
	color-range=YCbCr limited range
plane[122]: Esmart0-win0
	crtc=(null)
	fb=0
	crtc-pos=0x0+0+0
	src-pos=0.000000x0.000000+0.000000+0.000000
	rotation=1
	normalized-zpos=3
	color-encoding=ITU-R BT.601 YCbCr
	color-range=YCbCr limited range
crtc[70]: video_port0
	enable=0
	active=0
	self_refresh_active=0
	planes_changed=0
	mode_changed=0
	active_changed=0
	connectors_changed=0
	color_mgmt_changed=0
	plane_mask=0
	connector_mask=0
	encoder_mask=0
	mode: "": 0 0 0 0 0 0 0 0 0 0 0x0 0x0
crtc[92]: video_port1
	enable=1
	active=1
	self_refresh_active=0
	planes_changed=1
	mode_changed=0
	active_changed=0
	connectors_changed=0
	color_mgmt_changed=0
	plane_mask=2
	connector_mask=4
	encoder_mask=4
	mode: "720x1280": 69 75000 720 760 770 810 1280 1290 1326 1341 0x48 0xa
crtc[114]: video_port2
	enable=0
	active=0
	self_refresh_active=0
	planes_changed=0
	mode_changed=0
	active_changed=0
	connectors_changed=0
	color_mgmt_changed=0
	plane_mask=0
	connector_mask=0
	encoder_mask=0
	mode: "": 0 0 0 0 0 0 0 0 0 0 0x0 0x0
connector[141]: Writeback-1
	crtc=(null)
	self_refresh_aware=0
	max_requested_bpc=0
	colorspace=Default
connector[143]: HDMI-A-1
	crtc=(null)
	self_refresh_aware=0
	max_requested_bpc=0
	colorspace=Default
connector[159]: DSI-1
	crtc=video_port1
	self_refresh_aware=0
	max_requested_bpc=0
	colorspace=Default
=== daemon stdout ===
M6_DAEMON_READY sock=/data/local/tmp/westlake/m6-drm.sock w=720 h=1280
M6_DAEMON_DONE frames=120 avg_us=28965 min_us=28920 max_us=29007 hz=34.52
=== daemon stderr ===
[m6drm 14866332] SET_MASTER OK without killing composer_host (master was free)
[m6drm 14866333] connector=159 encoder=158 crtc=92 mode=720x1280
[m6drm 14866341] dumb[0] handle=1 pitch=2880 size=3686400 fb_id=160
[m6drm 14866348] dumb[1] handle=2 pitch=2880 size=3686400 fb_id=163
[m6drm 14866354] listening on /data/local/tmp/westlake/m6-drm.sock
[m6drm 14867334] client connected cfd=5
[m6drm 14868193] frames_handled=30 back=1
[m6drm 14869062] frames_handled=60 back=1
[m6drm 14869931] frames_handled=90 back=1
[m6drm 14870800] frames_handled=120 back=1
[m6drm 14870800] max_frames reached (120) — finishing
[m6drm 14870800] VSYNC_STATS frames=120 intervals=119 avg_us=28965 min_us=28920 max_us=29007
=== client stdout ===
M6_TEST_CLIENT_DONE ok=120 fail=0 elapsed_us=3465992 avg_per_frame_us=28883.3 hz=34.62
=== post clients ===
             command  tgid dev master a   uid      magic
     av_codec_servic   530 128   n    n  1013          0
          codec_host   472   0   n    n  3031          0
          codec_host   472   0   n    n  3031          0
          codec_host   472   0   n    n  3031          0
         camera_host   502 128   n    n  3028          0
      allocator_host  5312 128   n    n  3041          0
      render_service  5955 128   n    n  1003          0
       composer_host  6902   0   n    n  3036          0
