dalvikvm: creating VM...
[V/dalvikvm] VM init args (3):
[V/dalvikvm]   0: '-Xbootclasspath:/data/local/tmp/westlake/bcp/core-kitkat.jar:/data/local/tmp/westlake/bcp/direct-print-stream.jar:/data/local/tmp/westlake/HelloDlopen.dex'
[V/dalvikvm]   1: '-Xms4m'
[V/dalvikvm]   2: '-Xmx64m'
[V/dalvikvm] VM options (3):
[V/dalvikvm]   0: '-Xbootclasspath:/data/local/tmp/westlake/bcp/core-kitkat.jar:/data/local/tmp/westlake/bcp/direct-print-stream.jar:/data/local/tmp/westlake/HelloDlopen.dex'
[V/dalvikvm]   1: '-Xms4m'
[V/dalvikvm]   2: '-Xmx64m'
[V/dalvikvm] Using kernel group scheduling
[V/dalvikvm] Using executionMode 1
[V/dalvikvm] threadid=1: interp stack at 0xf737c000
[V/dalvikvm] LinearAlloc: created region at 0xefe69000-0xf0e68fff
[V/dalvikvm] Opening as zip '/data/local/tmp/westlake/bcp/core-kitkat.jar' 0xff955ab0
[V/dalvikvm] +++ Found EOCD at buf+65535
[V/dalvikvm] +++ numEntries=1 dirSize=57 dirOffset=110601

[V/dalvikvm] +++ zip good scan 1 entries
[V/dalvikvm] Couldn't open /data/local/tmp/westlake/bcp/core-kitkat.odex: No such file or directory
[V/dalvikvm] Cache file for '/data/local/tmp/westlake/bcp/core-kitkat.jar' 'classes.dex' is '/data/dalvik-cache/data@local@tmp@westlake@bcp@core-kitkat.jar@classes.dex'
[V/dalvikvm] dvmJarFileOpen: Checking cache for /data/local/tmp/westlake/bcp/core-kitkat.jar (/data/dalvik-cache/data@local@tmp@westlake@bcp@core-kitkat.jar@classes.dex)
[V/dalvikvm] DexOpt: locking cache file /data/dalvik-cache/data@local@tmp@westlake@bcp@core-kitkat.jar@classes.dex (fd=4, boot=1)
[V/dalvikvm] DexOpt:  locked cache file
[V/dalvikvm] checking deps, expecting vfy=1 opt=1
[V/dalvikvm] +++ DexOpt: numDeps = 0
[V/dalvikvm] DexOpt: good deps in cache file
[V/dalvikvm] Good opt header, DEX offset is 40, flags=0x00
[V/dalvikvm] +++ found register maps, size=29092
[V/dalvikvm] +++ DEX 0xf7369000: allocateAux (2614+331+2444+748)*4 = 24548 bytes
[V/dalvikvm] Successfully opened 'classes.dex' in '/data/local/tmp/westlake/bcp/core-kitkat.jar'
[V/dalvikvm] Opening as zip '/data/local/tmp/westlake/bcp/direct-print-stream.jar' 0xff955ab0
[V/dalvikvm] +++ Found EOCD at buf+1770
[V/dalvikvm] +++ numEntries=3 dirSize=182 dirOffset=1588

[V/dalvikvm] +++ zip good scan 3 entries
[V/dalvikvm] Couldn't open /data/local/tmp/westlake/bcp/direct-print-stream.odex: No such file or directory
[V/dalvikvm] Cache file for '/data/local/tmp/westlake/bcp/direct-print-stream.jar' 'classes.dex' is '/data/dalvik-cache/data@local@tmp@westlake@bcp@direct-print-stream.jar@classes.dex'
[V/dalvikvm] dvmJarFileOpen: Checking cache for /data/local/tmp/westlake/bcp/direct-print-stream.jar (/data/dalvik-cache/data@local@tmp@westlake@bcp@direct-print-stream.jar@classes.dex)
[V/dalvikvm] DexOpt: locking cache file /data/dalvik-cache/data@local@tmp@westlake@bcp@direct-print-stream.jar@classes.dex (fd=5, boot=1)
[V/dalvikvm] DexOpt:  locked cache file
[V/dalvikvm] checking deps, expecting vfy=1 opt=1
[V/dalvikvm] +++ DexOpt: numDeps = 1
[V/dalvikvm] DexOpt: dep match on '/data/dalvik-cache/data@local@tmp@westlake@bcp@core-kitkat.jar@classes.dex'
[V/dalvikvm] DexOpt: good deps in cache file
[V/dalvikvm] Good opt header, DEX offset is 40, flags=0x00
[V/dalvikvm] +++ found register maps, size=164
[V/dalvikvm] +++ DEX 0xf7366000: allocateAux (39+11+22+1)*4 = 292 bytes
[V/dalvikvm] Successfully opened 'classes.dex' in '/data/local/tmp/westlake/bcp/direct-print-stream.jar'
[V/dalvikvm] Cache file for '/data/local/tmp/westlake/HelloDlopen.dex' '(null)' is '/data/dalvik-cache/data@local@tmp@westlake@HelloDlopen.dex'
[V/dalvikvm] dvmRawDexFileOpen: Checking cache for /data/local/tmp/westlake/HelloDlopen.dex (/data/dalvik-cache/data@local@tmp@westlake@HelloDlopen.dex)
[V/dalvikvm] DexOpt: locking cache file /data/dalvik-cache/data@local@tmp@westlake@HelloDlopen.dex (fd=6, boot=1)
[V/dalvikvm] DexOpt:  locked cache file
[V/dalvikvm] checking deps, expecting vfy=1 opt=1
[V/dalvikvm] +++ DexOpt: numDeps = 2
[V/dalvikvm] DexOpt: dep match on '/data/dalvik-cache/data@local@tmp@westlake@bcp@core-kitkat.jar@classes.dex'
[V/dalvikvm] DexOpt: dep match on '/data/dalvik-cache/data@local@tmp@westlake@bcp@direct-print-stream.jar@classes.dex'
[V/dalvikvm] DexOpt: good deps in cache file
[V/dalvikvm] Good opt header, DEX offset is 40, flags=0x00
[V/dalvikvm] +++ found register maps, size=104
[V/dalvikvm] +++ DEX 0xf7364000: allocateAux (47+11+13+2)*4 = 292 bytes
[V/dalvikvm] Successfully opened '/data/local/tmp/westlake/HelloDlopen.dex'
[V/dalvikvm] +++ dvmAddClassToHash 'Ljava/lang/Object;' 0 (isnew=1) --> 0xf2640890
[V/dalvikvm] +++ dvmAddClassToHash 'Ljava/lang/Throwable;' 0 (isnew=1) --> 0xf2640938
[V/dalvikvm] +++ dvmAddClassToHash 'Ljava/io/Serializable;' 0 (isnew=1) --> 0xf26409f8
[V/dalvikvm] --- LinearRealloc(92) old=100
[V/dalvikvm] Array class '[Ljava/lang/Class;' 0 not found; creating
[V/dalvikvm] +++ dvmAddClassToHash 'Ljava/lang/Class;' 0 (isnew=1) --> 0xf26401e8
[V/dalvikvm] +++ dvmAddClassToHash 'Ljava/lang/reflect/AnnotatedElement;' 0 (isnew=1) --> 0xf2640aa0
[V/dalvikvm] +++ dvmAddClassToHash 'Ljava/lang/reflect/GenericDeclaration;' 0 (isnew=1) --> 0xf2640b48
[V/dalvikvm] +++ dvmAddClassToHash 'Ljava/lang/reflect/Type;' 0 (isnew=1) --> 0xf2640bf0
[V/dalvikvm] --- LinearRealloc(288) old=292
[V/dalvikvm] +++ dvmAddClassToHash 'Ljava/lang/Cloneable;' 0 (isnew=1) --> 0xf2640d40
[V/dalvikvm] +++ dvmAddClassToHash '[Ljava/lang/Class;' 0 (isnew=1) --> 0xf2640c98
[V/dalvikvm] Created array class '[Ljava/lang/Class;' 0 (access=0x6000.0411)
[V/dalvikvm] +++ dvmAddClassToHash 'Ljava/lang/ClassLoader;' 0 (isnew=1) --> 0xf2640de8
[V/dalvikvm] Array class '[Ljava/lang/Object;' 0 not found; creating
[V/dalvikvm] +++ dvmAddClassToHash '[Ljava/lang/Object;' 0 (isnew=1) --> 0xf2640e90
[V/dalvikvm] Created array class '[Ljava/lang/Object;' 0 (access=0x6000.0411)
[V/dalvikvm] +++ dvmAddClassToHash 'Ljava/lang/StackTraceElement;' 0 (isnew=1) --> 0xf2641008
[V/dalvikvm] --- LinearRealloc(64) old=76
[V/dalvikvm] Array class '[Ljava/lang/StackTraceElement;' 0 not found; creating
[V/dalvikvm] +++ dvmAddClassToHash '[Ljava/lang/StackTraceElement;' 0 (isnew=1) --> 0xf2640f38
[V/dalvikvm] Created array class '[Ljava/lang/StackTraceElement;' 0 (access=0x6000.0411)
[V/dalvikvm] +++ dvmAddClassToHash 'Ljava/lang/String;' 0 (isnew=1) --> 0xf26410e0
[V/dalvikvm] +++ dvmAddClassToHash 'Ljava/lang/Comparable;' 0 (isnew=1) --> 0xf26411e8
[V/dalvikvm] +++ dvmAddClassToHash 'Ljava/lang/CharSequence;' 0 (isnew=1) --> 0xf2641290
[V/dalvikvm] --- LinearRealloc(248) old=260
[V/dalvikvm] +++ dvmAddClassToHash 'Ljava/lang/Thread;' 0 (isnew=1) --> 0xf2641338
[V/dalvikvm] +++ dvmAddClassToHash 'Ljava/lang/Runnable;' 0 (isnew=1) --> 0xf2641470
[V/dalvikvm] --- LinearRealloc(180) old=188
[V/dalvikvm] +++ dvmAddClassToHash 'Ljava/lang/ThreadGroup;' 0 (isnew=1) --> 0xf2641518
[V/dalvikvm] +++ dvmAddClassToHash 'Ljava/lang/Thread$UncaughtExceptionHandler;' 0 (isnew=1) --> 0xf26415f0
[V/dalvikvm] --- LinearRealloc(144) old=148
[V/dalvikvm] +++ dvmAddClassToHash 'Ljava/lang/VMThread;' 0 (isnew=1) --> 0xf2641698
[V/dalvikvm] Array class '[Z' 0 not found; creating
[V/dalvikvm] +++ dvmAddClassToHash '[Z' 0 (isnew=1) --> 0xf2641758
[V/dalvikvm] Created array class '[Z' 0 (access=0x4000.0411)
[V/dalvikvm] Array class '[B' 0 not found; creating
[V/dalvikvm] +++ dvmAddClassToHash '[B' 0 (isnew=1) --> 0xf2641800
[V/dalvikvm] Created array class '[B' 0 (access=0x4000.0411)
[V/dalvikvm] Array class '[S' 0 not found; creating
[V/dalvikvm] +++ dvmAddClassToHash '[S' 0 (isnew=1) --> 0xf26418a8
[V/dalvikvm] Created array class '[S' 0 (access=0x4000.0411)
[V/dalvikvm] Array class '[C' 0 not found; creating
[V/dalvikvm] +++ dvmAddClassToHash '[C' 0 (isnew=1) --> 0xf2641950
[V/dalvikvm] Created array class '[C' 0 (access=0x4000.0411)
[V/dalvikvm] Array class '[I' 0 not found; creating
[V/dalvikvm] +++ dvmAddClassToHash '[I' 0 (isnew=1) --> 0xf26419f8
[V/dalvikvm] Created array class '[I' 0 (access=0x4000.0411)
[V/dalvikvm] Array class '[J' 0 not found; creating
[V/dalvikvm] +++ dvmAddClassToHash '[J' 0 (isnew=1) --> 0xf2641aa0
[V/dalvikvm] Created array class '[J' 0 (access=0x4000.0411)
[V/dalvikvm] Array class '[F' 0 not found; creating
[V/dalvikvm] +++ dvmAddClassToHash '[F' 0 (isnew=1) --> 0xf2641b48
[V/dalvikvm] Created array class '[F' 0 (access=0x4000.0411)
[V/dalvikvm] Array class '[D' 0 not found; creating
[V/dalvikvm] +++ dvmAddClassToHash '[D' 0 (isnew=1) --> 0xf2641bf0
[V/dalvikvm] Created array class '[D' 0 (access=0x4000.0411)
[V/dalvikvm] +++ dvmAddClassToHash 'Ljava/lang/AbstractMethodError;' 0 (isnew=1) --> 0xf2641c98
[V/dalvikvm] +++ dvmAddClassToHash 'Ljava/lang/IncompatibleClassChangeError;' 0 (isnew=1) --> 0xf2641d58
[V/dalvikvm] +++ dvmAddClassToHash 'Ljava/lang/LinkageError;' 0 (isnew=1) --> 0xf2641e18
[V/dalvikvm] +++ dvmAddClassToHash 'Ljava/lang/Error;' 0 (isnew=1) --> 0xf2641ed8
[V/dalvikvm] +++ dvmAddClassToHash 'Ljava/lang/ArithmeticException;' 0 (isnew=1) --> 0xf2641f98
[V/dalvikvm] +++ dvmAddClassToHash 'Ljava/lang/RuntimeException;' 0 (isnew=1) --> 0xf2642058
[V/dalvikvm] +++ dvmAddClassToHash 'Ljava/lang/Exception;' 0 (isnew=1) --> 0xf2642118
[V/dalvikvm] +++ dvmAddClassToHash 'Ljava/lang/ArrayIndexOutOfBoundsException;' 0 (isnew=1) --> 0xf26421d8
[V/dalvikvm] +++ dvmAddClassToHash 'Ljava/lang/IndexOutOfBoundsException;' 0 (isnew=1) --> 0xf2642298
[V/dalvikvm] +++ dvmAddClassToHash 'Ljava/lang/ArrayStoreException;' 0 (isnew=1) --> 0xf2642358
[V/dalvikvm] +++ dvmAddClassToHash 'Ljava/lang/ClassCastException;' 0 (isnew=1) --> 0xf2642418
[V/dalvikvm] +++ dvmAddClassToHash 'Ljava/lang/ClassCircularityError;' 0 (isnew=1) --> 0xf26424d8
[V/dalvikvm] +++ dvmAddClassToHash 'Ljava/lang/ClassNotFoundException;' 0 (isnew=1) --> 0xf2642598
[V/dalvikvm] +++ dvmAddClassToHash 'Ljava/lang/ReflectiveOperationException;' 0 (isnew=1) --> 0xf2642658
[V/dalvikvm] --- LinearRealloc(96) old=100
[V/dalvikvm] +++ dvmAddClassToHash 'Ljava/lang/ClassFormatError;' 0 (isnew=1) --> 0xf2642700
[V/dalvikvm] +++ dvmAddClassToHash 'Ljava/lang/ExceptionInInitializerError;' 0 (isnew=1) --> 0xf26427c0
[V/dalvikvm] --- LinearRealloc(96) old=100
[V/dalvikvm] +++ dvmAddClassToHash 'Ljava/io/FileNotFoundException;' 0 (isnew=1) --> 0xf2642880
[V/dalvikvm] +++ dvmAddClassToHash 'Ljava/io/IOException;' 0 (isnew=1) --> 0xf2642940
[V/dalvikvm] +++ dvmAddClassToHash 'Ljava/lang/IllegalAccessError;' 0 (isnew=1) --> 0xf26429e8
[V/dalvikvm] +++ dvmAddClassToHash 'Ljava/lang/IllegalAccessException;' 0 (isnew=1) --> 0xf2642aa8
[V/dalvikvm] +++ dvmAddClassToHash 'Ljava/lang/IllegalArgumentException;' 0 (isnew=1) --> 0xf2642b68
[V/dalvikvm] +++ dvmAddClassToHash 'Ljava/lang/IllegalMonitorStateException;' 0 (isnew=1) --> 0xf2642c28
[V/dalvikvm] +++ dvmAddClassToHash 'Ljava/lang/IllegalStateException;' 0 (isnew=1) --> 0xf2642ce8
[V/dalvikvm] +++ dvmAddClassToHash 'Ljava/lang/IllegalThreadStateException;' 0 (isnew=1) --> 0xf2642da8
[V/dalvikvm] +++ dvmAddClassToHash 'Ljava/lang/InstantiationError;' 0 (isnew=1) --> 0xf2642e68
[V/dalvikvm] +++ dvmAddClassToHash 'Ljava/lang/InstantiationException;' 0 (isnew=1) --> 0xf2642f28
[V/dalvikvm] +++ dvmAddClassToHash 'Ljava/lang/InternalError;' 0 (isnew=1) --> 0xf2642fe8
[V/dalvikvm] +++ dvmAddClassToHash 'Ljava/lang/VirtualMachineError;' 0 (isnew=1) --> 0xf26430a8
[V/dalvikvm] +++ dvmAddClassToHash 'Ljava/lang/InterruptedException;' 0 (isnew=1) --> 0xf2643168
[V/dalvikvm] +++ dvmAddClassToHash 'Ljava/lang/NegativeArraySizeException;' 0 (isnew=1) --> 0xf2643228
[V/dalvikvm] +++ dvmAddClassToHash 'Ljava/lang/NoClassDefFoundError;' 0 (isnew=1) --> 0xf26432e8
[V/dalvikvm] +++ dvmAddClassToHash 'Ljava/lang/NoSuchFieldError;' 0 (isnew=1) --> 0xf26433a8
[V/dalvikvm] +++ dvmAddClassToHash 'Ljava/lang/NoSuchFieldException;' 0 (isnew=1) --> 0xf2643468
[V/dalvikvm] +++ dvmAddClassToHash 'Ljava/lang/NoSuchMethodError;' 0 (isnew=1) --> 0xf2643528
[V/dalvikvm] +++ dvmAddClassToHash 'Ljava/lang/NullPointerException;' 0 (isnew=1) --> 0xf26435e8
[V/dalvikvm] +++ dvmAddClassToHash 'Ljava/lang/OutOfMemoryError;' 0 (isnew=1) --> 0xf26436a8
[V/dalvikvm] +++ dvmAddClassToHash 'Ljava/lang/StackOverflowError;' 0 (isnew=1) --> 0xf2643768
[V/dalvikvm] +++ dvmAddClassToHash 'Ldalvik/system/StaleDexCacheError;' 0 (isnew=1) --> 0xf2643828
[V/dalvikvm] +++ dvmAddClassToHash 'Ljava/lang/StringIndexOutOfBoundsException;' 0 (isnew=1) --> 0xf26438d0
[V/dalvikvm] +++ dvmAddClassToHash 'Ljava/lang/TypeNotPresentException;' 0 (isnew=1) --> 0xf2643990
[V/dalvikvm] +++ dvmAddClassToHash 'Ljava/lang/UnsatisfiedLinkError;' 0 (isnew=1) --> 0xf2643a50
[V/dalvikvm] +++ dvmAddClassToHash 'Ljava/lang/UnsupportedOperationException;' 0 (isnew=1) --> 0xf2643b10
[V/dalvikvm] +++ dvmAddClassToHash 'Ljava/lang/VerifyError;' 0 (isnew=1) --> 0xf2643bd0
[V/dalvikvm] Array class '[Ljava/lang/annotation/Annotation;' 0 not found; creating
[V/dalvikvm] +++ dvmAddClassToHash 'Ljava/lang/annotation/Annotation;' 0 (isnew=1) --> 0xf2643c90
[V/dalvikvm] +++ dvmAddClassToHash '[Ljava/lang/annotation/Annotation;' 0 (isnew=1) --> 0xf2643d38
[V/dalvikvm] Created array class '[Ljava/lang/annotation/Annotation;' 0 (access=0x6000.0411)
[V/dalvikvm] Array class '[[Ljava/lang/annotation/Annotation;' 0 not found; creating
[V/dalvikvm] +++ dvmAddClassToHash '[[Ljava/lang/annotation/Annotation;' 0 (isnew=1) --> 0xf2643de0
[V/dalvikvm] Created array class '[[Ljava/lang/annotation/Annotation;' 0 (access=0x6000.0411)
[V/dalvikvm] +++ dvmAddClassToHash 'Ljava/lang/reflect/AccessibleObject;' 0 (isnew=1) --> 0xf2643e88
[V/dalvikvm] +++ dvmAddClassToHash 'Ljava/lang/reflect/Constructor;' 0 (isnew=1) --> 0xf2643f48
[V/dalvikvm] +++ dvmAddClassToHash 'Ljava/lang/reflect/Member;' 0 (isnew=1) --> 0xf2643ff0
[V/dalvikvm] --- LinearRealloc(148) old=180
[V/dalvikvm] Array class '[Ljava/lang/reflect/Constructor;' 0 not found; creating
[V/dalvikvm] +++ dvmAddClassToHash '[Ljava/lang/reflect/Constructor;' 0 (isnew=1) --> 0xf26440c8
[V/dalvikvm] Created array class '[Ljava/lang/reflect/Constructor;' 0 (access=0x6000.0411)
[V/dalvikvm] +++ dvmAddClassToHash 'Ljava/lang/reflect/Field;' 0 (isnew=1) --> 0xf2644170
[V/dalvikvm] --- LinearRealloc(200) old=228
[V/dalvikvm] Array class '[Ljava/lang/reflect/Field;' 0 not found; creating
[V/dalvikvm] +++ dvmAddClassToHash '[Ljava/lang/reflect/Field;' 0 (isnew=1) --> 0xf26442f0
[V/dalvikvm] Created array class '[Ljava/lang/reflect/Field;' 0 (access=0x6000.0411)
[V/dalvikvm] +++ dvmAddClassToHash 'Ljava/lang/reflect/Method;' 0 (isnew=1) --> 0xf2644398
[V/dalvikvm] --- LinearRealloc(164) old=196
[V/dalvikvm] Array class '[Ljava/lang/reflect/Method;' 0 not found; creating
[V/dalvikvm] +++ dvmAddClassToHash '[Ljava/lang/reflect/Method;' 0 (isnew=1) --> 0xf2644470
[V/dalvikvm] Created array class '[Ljava/lang/reflect/Method;' 0 (access=0x6000.0411)
[V/dalvikvm] +++ dvmAddClassToHash 'Ljava/lang/reflect/Proxy;' 0 (isnew=1) --> 0xf2644518
[V/dalvikvm] +++ dvmAddClassToHash 'Ljava/lang/System;' 0 (isnew=1) --> 0xf2644638
[V/dalvikvm] +++ dvmAddClassToHash 'Ljava/nio/DirectByteBuffer;' 0 (isnew=1) --> 0xf2644758
[V/dalvikvm] +++ dvmAddClassToHash 'Ljava/nio/ByteBuffer;' 0 (isnew=1) --> 0xf2644800
[V/dalvikvm] +++ dvmAddClassToHash 'Ljava/nio/Buffer;' 0 (isnew=1) --> 0xf26448a8
[V/dalvikvm] --- LinearRealloc(228) old=236
[V/dalvikvm] --- LinearRealloc(228) old=332
[V/dalvikvm] +++ dvmAddClassToHash 'Lorg/apache/harmony/dalvik/ddmc/Chunk;' 0 (isnew=1) --> 0xf2644950
[V/dalvikvm] +++ dvmAddClassToHash 'Lorg/apache/harmony/dalvik/ddmc/DdmServer;' 0 (isnew=1) --> 0xf26449f8
[V/dalvikvm] +++ dvmAddClassToHash 'Llibcore/reflect/AnnotationFactory;' 0 (isnew=1) --> 0xf2644b30
[V/dalvikvm] +++ dvmAddClassToHash 'Ljava/lang/reflect/InvocationHandler;' 0 (isnew=1) --> 0xf2644bf0
[V/dalvikvm] --- LinearRealloc(48) old=60
[V/dalvikvm] +++ dvmAddClassToHash 'Llibcore/reflect/AnnotationMember;' 0 (isnew=1) --> 0xf2644c98
[V/dalvikvm] --- LinearRealloc(64) old=76
[V/dalvikvm] Array class '[Llibcore/reflect/AnnotationMember;' 0 not found; creating
[V/dalvikvm] +++ dvmAddClassToHash '[Llibcore/reflect/AnnotationMember;' 0 (isnew=1) --> 0xf2644da0
[V/dalvikvm] Created array class '[Llibcore/reflect/AnnotationMember;' 0 (access=0x6000.0411)
[V/dalvikvm] +++ dvmAddClassToHash 'Ljava/io/FileDescriptor;' 0 (isnew=1) --> 0xf2644e48
[V/dalvikvm] +++ dvmAddClassToHash 'Ljava/lang/ref/FinalizerReference;' 0 (isnew=1) --> 0xf2644f38
[V/dalvikvm] +++ dvmAddClassToHash 'Ljava/lang/ref/Reference;' 0 (isnew=1) --> 0xf2645028
[V/dalvikvm] --- LinearRealloc(64) old=76
[V/dalvikvm] +++ dvmAddClassToHash 'Ldalvik/system/VMDebug;' 0 (isnew=1) --> 0xf26450d0
[V/dalvikvm] +++ dvmAddClassToHash 'Ldalvik/system/NativeStart;' 0 (isnew=1) --> 0xf2645178
[V/dalvikvm] +++ dvmAddClassToHash 'Ljava/lang/ref/ReferenceQueue;' 0 (isnew=1) --> 0xf2645220
[V/dalvikvm] ----- type is 0x04 2, ptr=0xefe5b419 [0x03b3f1]
[V/dalvikvm] ----- type is 0x06 7, ptr=0xefe5b573 [0x03b54b]
[V/dalvikvm] ----- type is 0x06 7, ptr=0xefe5b5fa [0x03b5d2]
[V/dalvikvm] ----- type is 0x06 7, ptr=0xefe5b6c8 [0x03b6a0]
[V/dalvikvm] ----- type is 0x06 7, ptr=0xefe5b7ae [0x03b786]
[V/dalvikvm] ----- type is 0x1e 0, ptr=0xefe5b544 [0x03b51c]
[V/dalvikvm] ----- type is 0x1e 0, ptr=0xefe5b545 [0x03b51d]
[V/dalvikvm] ----- type is 0x03 1, ptr=0xefe5b546 [0x03b51e]
[V/dalvikvm] ----- type is 0x06 7, ptr=0xefe5b549 [0x03b521]
[V/dalvikvm] +++ dvmAddClassToHash 'Ljava/lang/String$CaseInsensitiveComparator;' 0 (isnew=1) --> 0xf2645338
[V/dalvikvm] +++ dvmAddClassToHash 'Ljava/util/Comparator;' 0 (isnew=1) --> 0xf26453f8
[V/dalvikvm] ----- type is 0x06 7, ptr=0xefe5b53a [0x03b512]
[V/dalvikvm] +++ dvmAddClassToHash 'Ljava/util/Collections;' 0 (isnew=1) --> 0xf2645650
[V/dalvikvm] +++ dvmAddClassToHash 'Ljava/util/ArrayList;' 0 (isnew=1) --> 0xf2645710
[V/dalvikvm] +++ dvmAddClassToHash 'Ljava/util/AbstractList;' 0 (isnew=1) --> 0xf26457b8
[V/dalvikvm] +++ dvmAddClassToHash 'Ljava/util/AbstractCollection;' 0 (isnew=1) --> 0xf2645860
[V/dalvikvm] +++ dvmAddClassToHash 'Ljava/util/Collection;' 0 (isnew=1) --> 0xf2645908
[V/dalvikvm] +++ dvmAddClassToHash 'Ljava/lang/Iterable;' 0 (isnew=1) --> 0xf26459b0
[V/dalvikvm] --- LinearRealloc(504) old=396
[V/dalvikvm] --- LinearRealloc(80) old=76
[V/dalvikvm] +++ dvmAddClassToHash 'Ljava/util/List;' 0 (isnew=1) --> 0xf2645a58
[V/dalvikvm] --- LinearRealloc(96) old=100
[V/dalvikvm] --- LinearRealloc(336) old=284
[V/dalvikvm] --- LinearRealloc(100) old=100
[V/dalvikvm] --- LinearRealloc(104) old=132
[V/dalvikvm] +++ dvmAddClassToHash 'Llibcore/util/EmptyArray;' 0 (isnew=1) --> 0xf2645b10
[V/dalvikvm] Array class '[Ljava/lang/String;' 0 not found; creating
[V/dalvikvm] +++ dvmAddClassToHash '[Ljava/lang/String;' 0 (isnew=1) --> 0xf2645d98
[V/dalvikvm] Created array class '[Ljava/lang/String;' 0 (access=0x6000.0411)
[V/dalvikvm] Array class '[Ljava/lang/Throwable;' 0 not found; creating
[V/dalvikvm] +++ dvmAddClassToHash '[Ljava/lang/Throwable;' 0 (isnew=1) --> 0xf2645e58
[V/dalvikvm] Created array class '[Ljava/lang/Throwable;' 0 (access=0x6000.0411)
[V/dalvikvm] Array class '[Ljava/lang/reflect/TypeVariable;' 0 not found; creating
[V/dalvikvm] +++ dvmAddClassToHash 'Ljava/lang/reflect/TypeVariable;' 0 (isnew=1) --> 0xf2645f60
[V/dalvikvm] +++ dvmAddClassToHash '[Ljava/lang/reflect/TypeVariable;' 0 (isnew=1) --> 0xf2646008
[V/dalvikvm] Created array class '[Ljava/lang/reflect/TypeVariable;' 0 (access=0x6000.0411)
[E/dalvikvm] dvmFindInlinableMethod: can't find class 'Lorg/apache/harmony/dalvik/NativeTestTarget;'
[E/dalvikvm] Unable to find method for inlining: Lorg/apache/harmony/dalvik/NativeTestTarget;.emptyInlineMethod:()V
[V/dalvikvm] +++ dvmAddClassToHash 'Ljava/lang/Math;' 0 (isnew=1) --> 0xf26460c8
[V/dalvikvm] +++ dvmAddClassToHash 'Ljava/lang/Float;' 0 (isnew=1) --> 0xf26461b8
[V/dalvikvm] +++ dvmAddClassToHash 'Ljava/lang/Number;' 0 (isnew=1) --> 0xf2646410
[V/dalvikvm] --- LinearRealloc(84) old=124
[V/dalvikvm] +++ dvmAddClassToHash 'Ljava/lang/Double;' 0 (isnew=1) --> 0xf26464d0
[V/dalvikvm] --- LinearRealloc(84) old=124
[V/dalvikvm] +++ dvmAddClassToHash 'Ljava/lang/StrictMath;' 0 (isnew=1) --> 0xf2646728
[E/dalvikvm] dvmFindInlinableMethod: can't find method Ljava/lang/StrictMath;.min (II)I
[E/dalvikvm] Unable to find method for inlining: Ljava/lang/StrictMath;.min:(II)I
[E/dalvikvm] dvmFindInlinableMethod: can't find method Ljava/lang/StrictMath;.max (II)I
[E/dalvikvm] Unable to find method for inlining: Ljava/lang/StrictMath;.max:(II)I
[V/dalvikvm] +++ dvmAddClassToHash 'Ljava/lang/Boolean;' 0 (isnew=1) --> 0xf26467d0
[V/dalvikvm] --- LinearRealloc(56) old=68
[V/dalvikvm] +++ dvmAddClassToHash 'Ljava/lang/Character;' 0 (isnew=1) --> 0xf26468d8
[V/dalvikvm] --- LinearRealloc(56) old=68
[V/dalvikvm] +++ dvmAddClassToHash 'Ljava/lang/Byte;' 0 (isnew=1) --> 0xf2646fe0
[V/dalvikvm] --- LinearRealloc(76) old=116
[V/dalvikvm] +++ dvmAddClassToHash 'Ljava/lang/Short;' 0 (isnew=1) --> 0xf2647118
[V/dalvikvm] --- LinearRealloc(76) old=116
[V/dalvikvm] +++ dvmAddClassToHash 'Ljava/lang/Integer;' 0 (isnew=1) --> 0xf2647250
[V/dalvikvm] --- LinearRealloc(76) old=116
[V/dalvikvm] +++ dvmAddClassToHash 'Ljava/lang/Long;' 0 (isnew=1) --> 0xf26473a0
[V/dalvikvm] --- LinearRealloc(76) old=116
[V/dalvikvm] ----- type is 0x06 7, ptr=0xefe5b510 [0x03b4e8]
[W/dalvikvm] addLocalReference: obj=0xf26401e8 -> jobj=0x1d200001
[V/dalvikvm] JNI-registered Ljava/lang/Class;.getDex:()Lcom/android/dex/Dex;
[D/dalvikvm] Trying to load lib libjavacore.so 0
[E/dalvikvm] dlopen("libjavacore.so") failed: Error loading shared library libjavacore.so: No such file or directory
[W/dalvikvm] dvmLoadNativeCode failed for "javacore": Error loading shared library libjavacore.so: No such file or directory (non-fatal)
[D/dalvikvm] Trying to load lib libnativehelper.so 0
[E/dalvikvm] dlopen("libnativehelper.so") failed: Error loading shared library libnativehelper.so: No such file or directory
[W/dalvikvm] dvmLoadNativeCode failed for "nativehelper": Error loading shared library libnativehelper.so: No such file or directory (non-fatal)
[V/dalvikvm] +++ dvmAddClassToHash 'Llibcore/io/OsConstants;' 0 (isnew=1) --> 0xf26474d8
[W/dalvikvm] addLocalReference: obj=0xf26474d8 -> jobj=0x1d200005
[E/dalvikvm] ERROR: couldn't find native method
[E/dalvikvm] Requested: Llibcore/io/OsConstants;.initConstants:()V
[V/dalvikvm] ----- type is 0x06 7, ptr=0xefe5b77c [0x03b754]
[V/dalvikvm] ----- type is 0x06 7, ptr=0xefe5b894 [0x03b86c]
[V/dalvikvm] Skipped non-native: libcore/io/OsConstants.initConstants
[V/dalvikvm] Registered libcore bridge: libcore/io/OsConstants (0/1 methods)
[W/dalvikvm] Class libcore/io/Posix not found - skipping bridge registration
[V/dalvikvm] +++ dvmAddClassToHash 'Llibcore/icu/ICU;' 0 (isnew=1) --> 0xf26477b0
[W/dalvikvm] addLocalReference: obj=0xf26477b0 -> jobj=0x1d200009
[W/dalvikvm] Unable to register: not native: Llibcore/icu/ICU;.getIcuVersion:()Ljava/lang/String;
[V/dalvikvm] Skipped non-native: libcore/icu/ICU.getIcuVersion
[W/dalvikvm] Unable to register: not native: Llibcore/icu/ICU;.getUnicodeVersion:()Ljava/lang/String;
[V/dalvikvm] Skipped non-native: libcore/icu/ICU.getUnicodeVersion
[W/dalvikvm] Unable to register: not native: Llibcore/icu/ICU;.getCldrVersion:()Ljava/lang/String;
[V/dalvikvm] Skipped non-native: libcore/icu/ICU.getCldrVersion
[E/dalvikvm] ERROR: couldn't find native method
[E/dalvikvm] Requested: Llibcore/icu/ICU;.getAvailableLocalesNative:()[Ljava/lang/String;
[V/dalvikvm] Skipped non-native: libcore/icu/ICU.getAvailableLocalesNative
[W/dalvikvm] Unable to register: not native: Llibcore/icu/ICU;.getDefaultLocale:()Ljava/lang/String;
[V/dalvikvm] Skipped non-native: libcore/icu/ICU.getDefaultLocale
[E/dalvikvm] ERROR: couldn't find native method
[E/dalvikvm] Requested: Llibcore/icu/ICU;.setDefaultLocale:(Ljava/lang/String;)V
[V/dalvikvm] Skipped non-native: libcore/icu/ICU.setDefaultLocale
[W/dalvikvm] Unable to register: not native: Llibcore/icu/ICU;.toLowerCase:(Ljava/lang/String;Ljava/lang/String;)Ljava/lang/String;
[V/dalvikvm] Skipped non-native: libcore/icu/ICU.toLowerCase
[W/dalvikvm] Unable to register: not native: Llibcore/icu/ICU;.toUpperCase:(Ljava/lang/String;Ljava/lang/String;)Ljava/lang/String;
[V/dalvikvm] Skipped non-native: libcore/icu/ICU.toUpperCase
[E/dalvikvm] ERROR: couldn't find native method
[E/dalvikvm] Requested: Llibcore/icu/ICU;.initLocaleDataNative:(Ljava/lang/String;Llibcore/icu/LocaleData;)Z
[V/dalvikvm] Skipped non-native: libcore/icu/ICU.initLocaleDataNative
[E/dalvikvm] ERROR: couldn't find native method
[E/dalvikvm] Requested: Llibcore/icu/ICU;.getCurrencyCode:(Ljava/lang/String;)Ljava/lang/String;
[V/dalvikvm] Skipped non-native: libcore/icu/ICU.getCurrencyCode
[E/dalvikvm] ERROR: couldn't find native method
[E/dalvikvm] Requested: Llibcore/icu/ICU;.getISO3Country:(Ljava/lang/String;)Ljava/lang/String;
[V/dalvikvm] Skipped non-native: libcore/icu/ICU.getISO3Country
[E/dalvikvm] ERROR: couldn't find native method
[E/dalvikvm] Requested: Llibcore/icu/ICU;.getISO3Language:(Ljava/lang/String;)Ljava/lang/String;
[V/dalvikvm] Skipped non-native: libcore/icu/ICU.getISO3Language
[E/dalvikvm] ERROR: couldn't find native method
[E/dalvikvm] Requested: Llibcore/icu/ICU;.getScript:(Ljava/lang/String;)Ljava/lang/String;
[V/dalvikvm] Skipped non-native: libcore/icu/ICU.getScript
[E/dalvikvm] ERROR: couldn't find native method
[E/dalvikvm] Requested: Llibcore/icu/ICU;.getBestDateTimePatternNative:(Ljava/lang/String;Ljava/lang/String;)Ljava/lang/String;
[V/dalvikvm] Skipped non-native: libcore/icu/ICU.getBestDateTimePatternNative
[E/dalvikvm] ERROR: couldn't find native method
[E/dalvikvm] Requested: Llibcore/icu/ICU;.getISOLanguagesNative:()[Ljava/lang/String;
[V/dalvikvm] Skipped non-native: libcore/icu/ICU.getISOLanguagesNative
[E/dalvikvm] ERROR: couldn't find native method
[E/dalvikvm] Requested: Llibcore/icu/ICU;.getISOCountriesNative:()[Ljava/lang/String;
[V/dalvikvm] Skipped non-native: libcore/icu/ICU.getISOCountriesNative
[V/dalvikvm] Registered libcore bridge: libcore/icu/ICU (0/16 methods)
[W/dalvikvm] Class libcore/icu/NativeConverter not found - skipping bridge registration
[W/dalvikvm] addLocalReference: obj=0xf2644638 -> jobj=0x1d20000d
[V/dalvikvm] JNI-registered Ljava/lang/System;.specialProperties:()[Ljava/lang/String;
[V/dalvikvm] JNI-registered Ljava/lang/System;.currentTimeMillis:()J
[V/dalvikvm] JNI-registered Ljava/lang/System;.nanoTime:()J
[V/dalvikvm] JNI-registered Ljava/lang/System;.identityHashCode:(Ljava/lang/Object;)I
[V/dalvikvm] JNI-registered Ljava/lang/System;.mapLibraryName:(Ljava/lang/String;)Ljava/lang/String;
[V/dalvikvm] JNI-registered Ljava/lang/System;.log:(CLjava/lang/String;Ljava/lang/Throwable;)V
[V/dalvikvm] Registered libcore bridge: java/lang/System (6/6 methods)
[V/dalvikvm] +++ dvmAddClassToHash 'Ljava/io/File;' 0 (isnew=1) --> 0xf2648c68
[W/dalvikvm] addLocalReference: obj=0xf2648c68 -> jobj=0x1d200011
[E/dalvikvm] ERROR: couldn't find native method
[E/dalvikvm] Requested: Ljava/io/File;.realpath:(Ljava/lang/String;)Ljava/lang/String;
[V/dalvikvm] Skipped non-native: java/io/File.realpath
[E/dalvikvm] ERROR: couldn't find native method
[E/dalvikvm] Requested: Ljava/io/File;.setLastModifiedImpl:(Ljava/lang/String;J)Z
[V/dalvikvm] Skipped non-native: java/io/File.setLastModifiedImpl
[V/dalvikvm] Registered libcore bridge: java/io/File (0/2 methods)
[V/dalvikvm] +++ dvmAddClassToHash 'Ljava/nio/charset/Charsets;' 0 (isnew=1) --> 0xf2648f68
[W/dalvikvm] addLocalReference: obj=0xf2648f68 -> jobj=0x1d200015
[V/dalvikvm] JNI-registered Ljava/nio/charset/Charsets;.toUtf8Bytes:([CII)[B
[V/dalvikvm] JNI-registered Ljava/nio/charset/Charsets;.toAsciiBytes:([CII)[B
[V/dalvikvm] JNI-registered Ljava/nio/charset/Charsets;.toIsoLatin1Bytes:([CII)[B
[V/dalvikvm] JNI-registered Ljava/nio/charset/Charsets;.asciiBytesToChars:([BII[C)V
[V/dalvikvm] JNI-registered Ljava/nio/charset/Charsets;.isoLatin1BytesToChars:([BII[C)V
[V/dalvikvm] Registered libcore bridge: java/nio/charset/Charsets (5/5 methods)
[W/dalvikvm] addLocalReference: obj=0xf26460c8 -> jobj=0x1d200019
[V/dalvikvm] JNI-registered Ljava/lang/Math;.ceil:(D)D
[V/dalvikvm] JNI-registered Ljava/lang/Math;.floor:(D)D
[V/dalvikvm] JNI-registered Ljava/lang/Math;.sqrt:(D)D
[V/dalvikvm] JNI-registered Ljava/lang/Math;.sin:(D)D
[V/dalvikvm] JNI-registered Ljava/lang/Math;.cos:(D)D
[V/dalvikvm] JNI-registered Ljava/lang/Math;.tan:(D)D
[V/dalvikvm] JNI-registered Ljava/lang/Math;.asin:(D)D
[V/dalvikvm] JNI-registered Ljava/lang/Math;.acos:(D)D
[V/dalvikvm] JNI-registered Ljava/lang/Math;.atan:(D)D
[V/dalvikvm] JNI-registered Ljava/lang/Math;.atan2:(DD)D
[V/dalvikvm] JNI-registered Ljava/lang/Math;.exp:(D)D
[V/dalvikvm] JNI-registered Ljava/lang/Math;.log:(D)D
[V/dalvikvm] JNI-registered Ljava/lang/Math;.log10:(D)D
[V/dalvikvm] JNI-registered Ljava/lang/Math;.pow:(DD)D
[V/dalvikvm] JNI-registered Ljava/lang/Math;.IEEEremainder:(DD)D
[V/dalvikvm] JNI-registered Ljava/lang/Math;.cbrt:(D)D
[V/dalvikvm] JNI-registered Ljava/lang/Math;.cosh:(D)D
[V/dalvikvm] JNI-registered Ljava/lang/Math;.sinh:(D)D
[V/dalvikvm] JNI-registered Ljava/lang/Math;.tanh:(D)D
[V/dalvikvm] JNI-registered Ljava/lang/Math;.expm1:(D)D
[V/dalvikvm] JNI-registered Ljava/lang/Math;.hypot:(DD)D
[V/dalvikvm] JNI-registered Ljava/lang/Math;.log1p:(D)D
[W/dalvikvm] Unable to register: not native: Ljava/lang/Math;.nextAfter:(DD)D
[V/dalvikvm] Skipped non-native: java/lang/Math.nextAfter
[E/dalvikvm] ERROR: couldn't find native method
[E/dalvikvm] Requested: Ljava/lang/Math;.nextAfter:(FF)F
[E/dalvikvm] Candidate: Ljava/lang/Math;.nextAfter:(DD)D
[E/dalvikvm] Candidate: Ljava/lang/Math;.nextAfter:(FD)F
[V/dalvikvm] Skipped non-native: java/lang/Math.nextAfter
[V/dalvikvm] JNI-registered Ljava/lang/Math;.rint:(D)D
[W/dalvikvm] Unable to register: not native: Ljava/lang/Math;.scalb:(DI)D
[V/dalvikvm] Skipped non-native: java/lang/Math.scalb
[W/dalvikvm] Unable to register: not native: Ljava/lang/Math;.scalb:(FI)F
[V/dalvikvm] Skipped non-native: java/lang/Math.scalb
[V/dalvikvm] Registered libcore bridge: java/lang/Math (23/27 methods)
[W/dalvikvm] addLocalReference: obj=0xf2646728 -> jobj=0x1d20001d
[E/dalvikvm] ERROR: couldn't find native method
[E/dalvikvm] Requested: Ljava/lang/StrictMath;.ceil:(D)D
[V/dalvikvm] Skipped non-native: java/lang/StrictMath.ceil
[E/dalvikvm] ERROR: couldn't find native method
[E/dalvikvm] Requested: Ljava/lang/StrictMath;.floor:(D)D
[V/dalvikvm] Skipped non-native: java/lang/StrictMath.floor
[V/dalvikvm] JNI-registered Ljava/lang/StrictMath;.sqrt:(D)D
[V/dalvikvm] JNI-registered Ljava/lang/StrictMath;.sin:(D)D
[V/dalvikvm] JNI-registered Ljava/lang/StrictMath;.cos:(D)D
[E/dalvikvm] ERROR: couldn't find native method
[E/dalvikvm] Requested: Ljava/lang/StrictMath;.tan:(D)D
[V/dalvikvm] Skipped non-native: java/lang/StrictMath.tan
[E/dalvikvm] ERROR: couldn't find native method
[E/dalvikvm] Requested: Ljava/lang/StrictMath;.asin:(D)D
[V/dalvikvm] Skipped non-native: java/lang/StrictMath.asin
[E/dalvikvm] ERROR: couldn't find native method
[E/dalvikvm] Requested: Ljava/lang/StrictMath;.acos:(D)D
[V/dalvikvm] Skipped non-native: java/lang/StrictMath.acos
[E/dalvikvm] ERROR: couldn't find native method
[E/dalvikvm] Requested: Ljava/lang/StrictMath;.atan:(D)D
[V/dalvikvm] Skipped non-native: java/lang/StrictMath.atan
[E/dalvikvm] ERROR: couldn't find native method
[E/dalvikvm] Requested: Ljava/lang/StrictMath;.atan2:(DD)D
[V/dalvikvm] Skipped non-native: java/lang/StrictMath.atan2
[E/dalvikvm] ERROR: couldn't find native method
[E/dalvikvm] Requested: Ljava/lang/StrictMath;.exp:(D)D
[V/dalvikvm] Skipped non-native: java/lang/StrictMath.exp
[E/dalvikvm] ERROR: couldn't find native method
[E/dalvikvm] Requested: Ljava/lang/StrictMath;.log:(D)D
[V/dalvikvm] Skipped non-native: java/lang/StrictMath.log
[E/dalvikvm] ERROR: couldn't find native method
[E/dalvikvm] Requested: Ljava/lang/StrictMath;.log10:(D)D
[V/dalvikvm] Skipped non-native: java/lang/StrictMath.log10
[E/dalvikvm] ERROR: couldn't find native method
[E/dalvikvm] Requested: Ljava/lang/StrictMath;.pow:(DD)D
[V/dalvikvm] Skipped non-native: java/lang/StrictMath.pow
[E/dalvikvm] ERROR: couldn't find native method
[E/dalvikvm] Requested: Ljava/lang/StrictMath;.IEEEremainder:(DD)D
[V/dalvikvm] Skipped non-native: java/lang/StrictMath.IEEEremainder
[E/dalvikvm] ERROR: couldn't find native method
[E/dalvikvm] Requested: Ljava/lang/StrictMath;.cbrt:(D)D
[V/dalvikvm] Skipped non-native: java/lang/StrictMath.cbrt
[E/dalvikvm] ERROR: couldn't find native method
[E/dalvikvm] Requested: Ljava/lang/StrictMath;.cosh:(D)D
[V/dalvikvm] Skipped non-native: java/lang/StrictMath.cosh
[E/dalvikvm] ERROR: couldn't find native method
[E/dalvikvm] Requested: Ljava/lang/StrictMath;.sinh:(D)D
[V/dalvikvm] Skipped non-native: java/lang/StrictMath.sinh
[E/dalvikvm] ERROR: couldn't find native method
[E/dalvikvm] Requested: Ljava/lang/StrictMath;.tanh:(D)D
[V/dalvikvm] Skipped non-native: java/lang/StrictMath.tanh
[E/dalvikvm] ERROR: couldn't find native method
[E/dalvikvm] Requested: Ljava/lang/StrictMath;.expm1:(D)D
[V/dalvikvm] Skipped non-native: java/lang/StrictMath.expm1
[E/dalvikvm] ERROR: couldn't find native method
[E/dalvikvm] Requested: Ljava/lang/StrictMath;.hypot:(DD)D
[V/dalvikvm] Skipped non-native: java/lang/StrictMath.hypot
[E/dalvikvm] ERROR: couldn't find native method
[E/dalvikvm] Requested: Ljava/lang/StrictMath;.log1p:(D)D
[V/dalvikvm] Skipped non-native: java/lang/StrictMath.log1p
[E/dalvikvm] ERROR: couldn't find native method
[E/dalvikvm] Requested: Ljava/lang/StrictMath;.nextAfter:(DD)D
[V/dalvikvm] Skipped non-native: java/lang/StrictMath.nextAfter
[E/dalvikvm] ERROR: couldn't find native method
[E/dalvikvm] Requested: Ljava/lang/StrictMath;.nextAfter:(FF)F
[V/dalvikvm] Skipped non-native: java/lang/StrictMath.nextAfter
[E/dalvikvm] ERROR: couldn't find native method
[E/dalvikvm] Requested: Ljava/lang/StrictMath;.rint:(D)D
[V/dalvikvm] Skipped non-native: java/lang/StrictMath.rint
[E/dalvikvm] ERROR: couldn't find native method
[E/dalvikvm] Requested: Ljava/lang/StrictMath;.scalb:(DI)D
[V/dalvikvm] Skipped non-native: java/lang/StrictMath.scalb
[E/dalvikvm] ERROR: couldn't find native method
[E/dalvikvm] Requested: Ljava/lang/StrictMath;.scalb:(FI)F
[V/dalvikvm] Skipped non-native: java/lang/StrictMath.scalb
[V/dalvikvm] Registered libcore bridge: java/lang/StrictMath (3/27 methods)
[V/dalvikvm] +++ dvmAddClassToHash 'Ljava/lang/StringToReal;' 0 (isnew=1) --> 0xf264ab28
[W/dalvikvm] addLocalReference: obj=0xf264ab28 -> jobj=0x1d200021
[E/dalvikvm] ERROR: couldn't find native method
[E/dalvikvm] Requested: Ljava/lang/StringToReal;.parseDblImpl:(Ljava/lang/String;I)D
[V/dalvikvm] Skipped non-native: java/lang/StringToReal.parseDblImpl
[E/dalvikvm] ERROR: couldn't find native method
[E/dalvikvm] Requested: Ljava/lang/StringToReal;.parseFltImpl:(Ljava/lang/String;I)F
[V/dalvikvm] Skipped non-native: java/lang/StringToReal.parseFltImpl
[V/dalvikvm] Registered libcore bridge: java/lang/StringToReal (0/2 methods)
[V/dalvikvm] +++ dvmAddClassToHash 'Ljava/lang/RealToString;' 0 (isnew=1) --> 0xf264ae30
[W/dalvikvm] addLocalReference: obj=0xf264ae30 -> jobj=0x1d200025
[E/dalvikvm] ERROR: couldn't find native method
[E/dalvikvm] Requested: Ljava/lang/RealToString;.doubleToStringImpl:(D)Ljava/lang/String;
[V/dalvikvm] Skipped non-native: java/lang/RealToString.doubleToStringImpl
[E/dalvikvm] ERROR: couldn't find native method
[E/dalvikvm] Requested: Ljava/lang/RealToString;.floatToStringImpl:(F)Ljava/lang/String;
[V/dalvikvm] Skipped non-native: java/lang/RealToString.floatToStringImpl
[V/dalvikvm] Registered libcore bridge: java/lang/RealToString (0/2 methods)
[W/dalvikvm] addLocalReference: obj=0xf26461b8 -> jobj=0x1d200029
[V/dalvikvm] JNI-registered Ljava/lang/Float;.floatToRawIntBits:(F)I
[V/dalvikvm] JNI-registered Ljava/lang/Float;.intBitsToFloat:(I)F
[V/dalvikvm] Registered libcore bridge: java/lang/Float (2/2 methods)
[W/dalvikvm] addLocalReference: obj=0xf26464d0 -> jobj=0x1d20002d
[V/dalvikvm] JNI-registered Ljava/lang/Double;.doubleToRawLongBits:(D)J
[V/dalvikvm] JNI-registered Ljava/lang/Double;.longBitsToDouble:(J)D
[V/dalvikvm] Registered libcore bridge: java/lang/Double (2/2 methods)
[W/dalvikvm] Class libcore/icu/LocaleData not found - skipping bridge registration
[V/dalvikvm] +++ dvmAddClassToHash 'Ljava/util/regex/Pattern;' 0 (isnew=1) --> 0xf264b200
[W/dalvikvm] addLocalReference: obj=0xf264b200 -> jobj=0x1d200031
[E/dalvikvm] ERROR: couldn't find native method
[E/dalvikvm] Requested: Ljava/util/regex/Pattern;.compileImpl:(Ljava/lang/String;I)J
[V/dalvikvm] Skipped non-native: java/util/regex/Pattern.compileImpl
[V/dalvikvm] Registered libcore bridge: java/util/regex/Pattern (0/1 methods)
[V/dalvikvm] +++ dvmAddClassToHash 'Ljava/util/regex/Matcher;' 0 (isnew=1) --> 0xf264b3d8
[W/dalvikvm] addLocalReference: obj=0xf264b3d8 -> jobj=0x1d200035
[E/dalvikvm] ERROR: couldn't find native method
[E/dalvikvm] Requested: Ljava/util/regex/Matcher;.openImpl:(J)J
[V/dalvikvm] Skipped non-native: java/util/regex/Matcher.openImpl
[E/dalvikvm] ERROR: couldn't find native method
[E/dalvikvm] Requested: Ljava/util/regex/Matcher;.closeImpl:(J)V
[V/dalvikvm] Skipped non-native: java/util/regex/Matcher.closeImpl
[E/dalvikvm] ERROR: couldn't find native method
[E/dalvikvm] Requested: Ljava/util/regex/Matcher;.setInputImpl:(JLjava/lang/String;II)V
[V/dalvikvm] Skipped non-native: java/util/regex/Matcher.setInputImpl
[E/dalvikvm] ERROR: couldn't find native method
[E/dalvikvm] Requested: Ljava/util/regex/Matcher;.findImpl:(JLjava/lang/String;I[I)Z
[V/dalvikvm] Skipped non-native: java/util/regex/Matcher.findImpl
[E/dalvikvm] ERROR: couldn't find native method
[E/dalvikvm] Requested: Ljava/util/regex/Matcher;.findNextImpl:(JLjava/lang/String;[I)Z
[V/dalvikvm] Skipped non-native: java/util/regex/Matcher.findNextImpl
[E/dalvikvm] ERROR: couldn't find native method
[E/dalvikvm] Requested: Ljava/util/regex/Matcher;.matchesImpl:(JLjava/lang/String;[I)Z
[V/dalvikvm] Skipped non-native: java/util/regex/Matcher.matchesImpl
[E/dalvikvm] ERROR: couldn't find native method
[E/dalvikvm] Requested: Ljava/util/regex/Matcher;.groupCountImpl:(J)I
[V/dalvikvm] Skipped non-native: java/util/regex/Matcher.groupCountImpl
[E/dalvikvm] ERROR: couldn't find native method
[E/dalvikvm] Requested: Ljava/util/regex/Matcher;.usePatternImpl:(JJ)V
[V/dalvikvm] Skipped non-native: java/util/regex/Matcher.usePatternImpl
[E/dalvikvm] ERROR: couldn't find native method
[E/dalvikvm] Requested: Ljava/util/regex/Matcher;.hitEndImpl:(J)Z
[V/dalvikvm] Skipped non-native: java/util/regex/Matcher.hitEndImpl
[E/dalvikvm] ERROR: couldn't find native method
[E/dalvikvm] Requested: Ljava/util/regex/Matcher;.requireEndImpl:(J)Z
[V/dalvikvm] Skipped non-native: java/util/regex/Matcher.requireEndImpl
[E/dalvikvm] ERROR: couldn't find native method
[E/dalvikvm] Requested: Ljava/util/regex/Matcher;.lookingAtImpl:(JLjava/lang/String;[I)Z
[V/dalvikvm] Skipped non-native: java/util/regex/Matcher.lookingAtImpl
[E/dalvikvm] ERROR: couldn't find native method
[E/dalvikvm] Requested: Ljava/util/regex/Matcher;.useAnchoringBoundsImpl:(JZ)V
[V/dalvikvm] Skipped non-native: java/util/regex/Matcher.useAnchoringBoundsImpl
[E/dalvikvm] ERROR: couldn't find native method
[E/dalvikvm] Requested: Ljava/util/regex/Matcher;.useTransparentBoundsImpl:(JZ)V
[V/dalvikvm] Skipped non-native: java/util/regex/Matcher.useTransparentBoundsImpl
[V/dalvikvm] Registered libcore bridge: java/util/regex/Matcher (0/13 methods)
[W/dalvikvm] addLocalReference: obj=0xf2641338 -> jobj=0x1d200039
[W/dalvikvm] Unable to register: not native: Ljava/lang/Thread;.sleep:(J)V
[V/dalvikvm] Skipped non-native: java/lang/Thread.sleep
[V/dalvikvm] Registered libcore bridge: java/lang/Thread (0/1 methods)
[V/dalvikvm] +++ dvmAddClassToHash 'Ljava/io/DirectPrintStream;' 0 (isnew=1) --> 0xf264c3f0
[V/dalvikvm] +++ dvmAddClassToHash 'Ljava/io/PrintStream;' 0 (isnew=1) --> 0xf264c498
[V/dalvikvm] +++ dvmAddClassToHash 'Ljava/io/OutputStream;' 0 (isnew=1) --> 0xf264c540
[V/dalvikvm] +++ dvmAddClassToHash 'Ljava/io/Closeable;' 0 (isnew=1) --> 0xf264c5e8
[V/dalvikvm] +++ dvmAddClassToHash 'Ljava/lang/AutoCloseable;' 0 (isnew=1) --> 0xf264c690
[V/dalvikvm] +++ dvmAddClassToHash 'Ljava/io/Flushable;' 0 (isnew=1) --> 0xf264c738
[V/dalvikvm] +++ dvmAddClassToHash 'Ljava/lang/Appendable;' 0 (isnew=1) --> 0xf264c7e0
[V/dalvikvm] --- LinearRealloc(104) old=116
[V/dalvikvm] --- LinearRealloc(116) old=148
[W/dalvikvm] addLocalReference: obj=0xf264c3f0 -> jobj=0x1d20003d
[V/dalvikvm] JNI-registered Ljava/io/DirectPrintStream;.nativeWrite:(I[BII)V
[V/dalvikvm] JNI-registered Ljava/io/DirectPrintStream;.nativeWriteByte:(II)V
[V/dalvikvm] Registered libcore bridge: java/io/DirectPrintStream (2/2 methods)
[W/dalvikvm] Class com/westlake/compat/UnixSocketBridge not found - skipping bridge registration
[W/dalvikvm] Class java/util/zip/Inflater not found - skipping bridge registration
[W/dalvikvm] Class java/util/zip/Deflater not found - skipping bridge registration
[V/dalvikvm] No liboh_bridge.so, using software renderer
[V/dalvikvm] ----- type is 0x06 7, ptr=0xefe5b6e6 [0x03b6be]
[V/dalvikvm] ----- type is 0x06 7, ptr=0xefe5b7d6 [0x03b7ae]
[V/dalvikvm] ----- type is 0x06 7, ptr=0xefe5b79a [0x03b772]
[V/dalvikvm] +++ finishing prep on main VM thread
[V/dalvikvm] +++ dvmAddClassToHash 'Llibcore/util/CollectionUtils;' 0 (isnew=1) --> 0xf264cd30
[V/dalvikvm] ----- type is 0x06 7, ptr=0xefe5b604 [0x03b5dc]
[V/dalvikvm] ----- type is 0x06 7, ptr=0xefe5b6d2 [0x03b6aa]
[V/dalvikvm] ----- type is 0x06 7, ptr=0xefe5b7cc [0x03b7a4]
[V/dalvikvm] Handling exception Ljava/lang/NullPointerException; at setMaxPriority:589
[V/dalvikvm] Match on catch-all block at 0x24 in Ljava/lang/ThreadGroup;.setMaxPriority for Ljava/lang/NullPointerException;
[V/dalvikvm] Handling exception Ljava/lang/NullPointerException; at setMaxPriority:592
[V/dalvikvm] No matching catch block at 0x38 in setMaxPriority for Ljava/lang/NullPointerException;
[V/dalvikvm] No matching catch block at 0x37 in <init> for Ljava/lang/NullPointerException;
[V/dalvikvm] No matching catch block at 0x0d in <clinit> for Ljava/lang/NullPointerException;
[W/dalvikvm] Exception Ljava/lang/NullPointerException; thrown while initializing Ljava/lang/ThreadGroup;
[V/dalvikvm] ----- type is 0x06 7, ptr=0xefe5b74a [0x03b722]
[W/dalvikvm] ThreadGroup init failed - clearing and forcing INITIALIZED
[V/dalvikvm] ----- type is 0x04 0, ptr=0xefe5b568 [0x03b540]
[V/dalvikvm] ----- type is 0x04 0, ptr=0xefe5b56a [0x03b542]
[V/dalvikvm] ----- type is 0x04 2, ptr=0xefe5b56c [0x03b544]
[V/dalvikvm] ----- type is 0x04 0, ptr=0xefe5b570 [0x03b548]
[V/dalvikvm] Array class '[Ljava/lang/Thread$State;' 0 not found; creating
[V/dalvikvm] +++ dvmAddClassToHash 'Ljava/lang/Thread$State;' 0 (isnew=1) --> 0xf264cf58
[V/dalvikvm] +++ dvmAddClassToHash 'Ljava/lang/Enum;' 0 (isnew=1) --> 0xf264d0a8
[V/dalvikvm] --- LinearRealloc(64) old=84
[V/dalvikvm] ----- type is 0x04 1, ptr=0xefe57237 [0x03720f]
[V/dalvikvm] ----- type is 0x17 1, ptr=0xefe5723c [0x037214]
[V/dalvikvm] ----- type is 0x04 1, ptr=0xefe57237 [0x03720f]
[V/dalvikvm] +++ dvmAddClassToHash '[Ljava/lang/Thread$State;' 0 (isnew=1) --> 0xf264d180
[V/dalvikvm] Created array class '[Ljava/lang/Thread$State;' 0 (access=0x6000.4419)
[V/dalvikvm] ----- type is 0x06 7, ptr=0xefe5b51a [0x03b4f2]
[V/dalvikvm] +++ dvmAddClassToHash 'Ljava/lang/Enum$1;' 0 (isnew=1) --> 0xf264d2a8
[V/dalvikvm] +++ dvmAddClassToHash 'Llibcore/util/BasicLruCache;' 0 (isnew=1) --> 0xf264d350
[V/dalvikvm] --- LinearRealloc(60) old=68
[W/dalvikvm] ThreadGroup.mMain null - creating stub
[W/dalvikvm] Main Thread fields set directly
[W/dalvikvm] VMThread fields set directly
[V/dalvikvm] +++ dvmAddClassToHash 'Ljava/lang/ClassLoader$SystemClassLoader;' 0 (isnew=1) --> 0xf264d7f0
[V/dalvikvm] +++ dvmAddClassToHash 'Ljava/io/FileOutputStream;' 0 (isnew=1) --> 0xf264d950
[V/dalvikvm] --- LinearRealloc(64) old=76
[V/dalvikvm] +++ dvmAddClassToHash 'Ljava/io/BufferedInputStream;' 0 (isnew=1) --> 0xf264da58
[V/dalvikvm] +++ dvmAddClassToHash 'Ljava/io/InputStream;' 0 (isnew=1) --> 0xf264db00
[V/dalvikvm] --- LinearRealloc(60) old=68
[V/dalvikvm] +++ dvmAddClassToHash 'Ljava/io/FileInputStream;' 0 (isnew=1) --> 0xf264dbb8
[V/dalvikvm] --- LinearRealloc(60) old=68
[V/dalvikvm] +++ dvmAddClassToHash 'Ldalvik/system/VMRuntime;' 0 (isnew=1) --> 0xf264dcc0
[V/dalvikvm] +++ dvmAddClassToHash 'Ljava/util/Properties;' 0 (isnew=1) --> 0xf264dd90
[V/dalvikvm] +++ dvmAddClassToHash 'Ljava/util/Hashtable;' 0 (isnew=1) --> 0xf264de38
[V/dalvikvm] +++ dvmAddClassToHash 'Ljava/util/AbstractMap;' 0 (isnew=1) --> 0xf264dee0
[V/dalvikvm] +++ dvmAddClassToHash 'Ljava/util/Map;' 0 (isnew=1) --> 0xf264df88
[V/dalvikvm] --- LinearRealloc(560) old=508
[V/dalvikvm] --- LinearRealloc(84) old=84
[V/dalvikvm] --- LinearRealloc(84) old=92
[V/dalvikvm] +++ dvmAddClassToHash 'Llibcore/io/Libcore;' 0 (isnew=1) --> 0xf264e528
[V/dalvikvm] Handling exception Ljava/lang/NullPointerException; at getenv:210
[V/dalvikvm] No matching catch block at 0x0c in getenv for Ljava/lang/NullPointerException;
[V/dalvikvm] No matching catch block at 0x3d in initSystemProperties for Ljava/lang/NullPointerException;
[V/dalvikvm] No matching catch block at 0x04 in getProperties for Ljava/lang/NullPointerException;
[V/dalvikvm] No matching catch block at 0x03 in getProperty for Ljava/lang/NullPointerException;
[V/dalvikvm] No matching catch block at 0x01 in getProperty for Ljava/lang/NullPointerException;
[V/dalvikvm] No matching catch block at 0x2c in <clinit> for Ljava/lang/NullPointerException;
[W/dalvikvm] Exception Ljava/lang/NullPointerException; thrown while initializing Ljava/lang/System;
[V/dalvikvm] Handling exception Ljava/lang/ExceptionInInitializerError; at createSystemClassLoader:100
[V/dalvikvm] No matching catch block at 0x04 in createSystemClassLoader for Ljava/lang/ExceptionInInitializerError;
[V/dalvikvm] No matching catch block at 0x00 in access$000 for Ljava/lang/ExceptionInInitializerError;
[V/dalvikvm] No matching catch block at 0x00 in <clinit> for Ljava/lang/ExceptionInInitializerError;
[W/dalvikvm] Exception Ljava/lang/ExceptionInInitializerError; thrown while initializing Ljava/lang/ClassLoader$SystemClassLoader;
[V/dalvikvm] Handling exception Ljava/lang/ExceptionInInitializerError; at getSystemClassLoader:125
[V/dalvikvm] No matching catch block at 0x00 in getSystemClassLoader for Ljava/lang/ExceptionInInitializerError;
[W/dalvikvm] System class loader init failed - using NULL
[W/dalvikvm] WARNING: system class loader is NULL (setting main ctxt)
[W/dalvikvm] System.out = DirectPrintStream(1)
[W/dalvikvm] System.err = DirectPrintStream(2)
[W/dalvikvm] Forced System to INITIALIZED
[W/dalvikvm] Warning: tracked references remain post-initialization
[W/dalvikvm] MAIN reference table (0xf77bff40) dump:
[W/dalvikvm]   Last 1 entries (of 1):
[D/dalvikvm] No way to set current thread's name (GC)
[V/dalvikvm] threadid=2: interp stack at 0xf7319000
[V/dalvikvm] +++ dvmAddClassToHash 'Ljava/lang/ref/WeakReference;' 0 (isnew=1) --> 0xf264e7b8
[D/dalvikvm] No way to set current thread's name (Signal Catcher)
[V/dalvikvm] threadid=3: interp stack at 0xf68d9000
[V/dalvikvm] Signal catcher thread started (threadid=3)
[V/dalvikvm] thread-start heap=928 quit=872 jdwp=1 total=1806 usec
[V/dalvikvm] CreateJavaVM succeeded
[V/dalvikvm] +++ dvmAddClassToHash 'Lcom/westlake/ohostests/hello/HelloDlopen;' 0 (isnew=1) --> 0xf264e970
[W/dalvikvm] addLocalReference: obj=0xf264e970 -> jobj=0x1d200041
[W/dalvikvm] addLocalReference: obj=0xf26410e0 -> jobj=0x1d200045
[W/dalvikvm] addLocalReference: obj=0xf264eb30 -> jobj=0x1d200049
dalvikvm: invoking com.westlake.ohostests.hello.HelloDlopen.main()
[W/dalvikvm] addLocalReference: obj=0xf264c3f0 -> jobj=0x1d20004d
[W/dalvikvm] addLocalReference: obj=0xf264ec00 -> jobj=0x1d200051
dlopen-test-start[W/dalvikvm] addLocalReference: obj=0xf264c3f0 -> jobj=0x1d30004d

[V/dalvikvm] +++ dvmAddClassToHash 'Ljava/lang/Runtime;' 0 (isnew=1) --> 0xf264ec58
[V/dalvikvm] +++ dvmAddClassToHash 'Ldalvik/system/VMStack;' 0 (isnew=1) --> 0xf264ed28
[V/dalvikvm] +++ dvmAddClassToHash 'Ljava/lang/StringBuilder;' 0 (isnew=1) --> 0xf264edd0
[V/dalvikvm] +++ dvmAddClassToHash 'Ljava/lang/AbstractStringBuilder;' 0 (isnew=1) --> 0xf264ee90
[V/dalvikvm] --- LinearRealloc(192) old=196
[V/dalvikvm] --- LinearRealloc(324) old=404
[V/dalvikvm] ----- type is 0x04 0, ptr=0xefe5b3ec [0x03b3c4]
[V/dalvikvm] ----- type is 0x06 7, ptr=0xefe5b55e [0x03b536]
[W/dalvikvm] addLocalReference: obj=0xf264c3f0 -> jobj=0x1d40004d
[W/dalvikvm] addLocalReference: obj=0xf264f0b8 -> jobj=0x1d300051
dlopen-result name=ace_napi.z status=OK[W/dalvikvm] addLocalReference: obj=0xf264c3f0 -> jobj=0x1d50004d

[W/dalvikvm] addLocalReference: obj=0xf264c3f0 -> jobj=0x1d60004d
[W/dalvikvm] addLocalReference: obj=0xf264f388 -> jobj=0x1d400051
dlopen-result name=native_window status=OK[W/dalvikvm] addLocalReference: obj=0xf264c3f0 -> jobj=0x1d70004d

[W/dalvikvm] addLocalReference: obj=0xf264c3f0 -> jobj=0x1d80004d
[W/dalvikvm] addLocalReference: obj=0xf264f568 -> jobj=0x1d500051
dlopen-result name=ace_ndk.z status=OK[W/dalvikvm] addLocalReference: obj=0xf264c3f0 -> jobj=0x1d90004d

[V/dalvikvm] +++ dvmAddClassToHash 'Ljava/lang/IntegralToString;' 0 (isnew=1) --> 0xf264f718
[V/dalvikvm] +++ dvmAddClassToHash 'Ljava/lang/IntegralToString$1;' 0 (isnew=1) --> 0xf264f880
[V/dalvikvm] +++ dvmAddClassToHash 'Ljava/lang/ThreadLocal;' 0 (isnew=1) --> 0xf264f928
[V/dalvikvm] --- LinearRealloc(72) old=76
[V/dalvikvm] +++ dvmAddClassToHash 'Ljava/util/concurrent/atomic/AtomicInteger;' 0 (isnew=1) --> 0xf264f9e8
[V/dalvikvm] --- LinearRealloc(84) old=100
[V/dalvikvm] ----- type is 0x06 7, ptr=0xefe5b524 [0x03b4fc]
[W/dalvikvm] addLocalReference: obj=0xf264c3f0 -> jobj=0x1da0004d
[W/dalvikvm] addLocalReference: obj=0xf2650218 -> jobj=0x1d600051
dlopen-test-summary ok=3 fail=0[W/dalvikvm] addLocalReference: obj=0xf264c3f0 -> jobj=0x1db0004d

[W/dalvikvm] addLocalReference: obj=0xf264c3f0 -> jobj=0x1dc0004d
[W/dalvikvm] addLocalReference: obj=0xf2650300 -> jobj=0x1d700051
dlopen-test-done[W/dalvikvm] addLocalReference: obj=0xf264c3f0 -> jobj=0x1dd0004d

[V/dalvikvm] VM shutting down
[D/dalvikvm-heap] Marking...
[D/dalvikvm-heap] Recursing...
[D/dalvikvm-heap] Sweeping...
[D/dalvikvm-heap] Cleaning up...
[D/dalvikvm-heap] Done.
[V/dalvikvm-heap] GC finished
[V/dalvikvm-heap] Resuming threads
[D/dalvikvm] GC_CONCURRENT freed 22K, 39% free 41K/68K, paused 0ms+0ms, total 0ms
[V/dalvikvm] Handling exception Ljava/lang/NullPointerException; at removeThread:717
[V/dalvikvm] Match on catch-all block at 0x05 in Ljava/lang/ThreadGroup;.removeThread for Ljava/lang/NullPointerException;
[V/dalvikvm] Handling exception Ljava/lang/NullPointerException; at removeThread:723
[V/dalvikvm] No matching catch block at 0x26 in removeThread for Ljava/lang/NullPointerException;
[V/dalvikvm] threadid=2: bye!
[V/dalvikvm] Handling exception Ljava/lang/NullPointerException; at removeThread:717
[V/dalvikvm] Match on catch-all block at 0x05 in Ljava/lang/ThreadGroup;.removeThread for Ljava/lang/NullPointerException;
[V/dalvikvm] Handling exception Ljava/lang/NullPointerException; at removeThread:723
[V/dalvikvm] No matching catch block at 0x26 in removeThread for Ljava/lang/NullPointerException;
[V/dalvikvm] threadid=3: bye!
[V/dalvikvm] signal catcher has shut down
[V/dalvikvm] +++ DEX 0xf7369000: freeing aux structs
[V/dalvikvm] munmap(0xefe20000, 295160) succeeded
[V/dalvikvm] Closing archive 0xf75bbe70
[V/dalvikvm] munmap(0xf735e000, 66) succeeded
[V/dalvikvm] +++ DEX 0xf7366000: freeing aux structs
[V/dalvikvm] munmap(0xf7367000, 2736) succeeded
[V/dalvikvm] Closing archive 0xf75bbef0
[V/dalvikvm] munmap(0xf7368000, 1770) succeeded
[V/dalvikvm] +++ DEX 0xf7364000: freeing aux structs
[V/dalvikvm] munmap(0xf7365000, 2456) succeeded
