Error: com.android.tools.r8.internal.Sb: Dex file with version '39' cannot be used with min sdk level 'H_MR2'.
Compilation failed
Exception in thread "main" java.lang.RuntimeException: com.android.tools.r8.CompilationFailedException: Compilation failed to complete
	at com.android.tools.r8.utils.R0.a(R8_8.2.2-dev_53a55043254cc5be8ef500331bba25d1b4ca4bc2cd66c555d4358bf672a1f10a:126)
	at com.android.tools.r8.D8.main(R8_8.2.2-dev_53a55043254cc5be8ef500331bba25d1b4ca4bc2cd66c555d4358bf672a1f10a:5)
Caused by: com.android.tools.r8.CompilationFailedException: Compilation failed to complete
	at Version.fakeStackEntry(Version_8.2.2-dev.java:0)
	at com.android.tools.r8.M.a(R8_8.2.2-dev_53a55043254cc5be8ef500331bba25d1b4ca4bc2cd66c555d4358bf672a1f10a:5)
	at com.android.tools.r8.utils.R0.a(R8_8.2.2-dev_53a55043254cc5be8ef500331bba25d1b4ca4bc2cd66c555d4358bf672a1f10a:81)
	at com.android.tools.r8.utils.R0.a(R8_8.2.2-dev_53a55043254cc5be8ef500331bba25d1b4ca4bc2cd66c555d4358bf672a1f10a:32)
	at com.android.tools.r8.utils.R0.a(R8_8.2.2-dev_53a55043254cc5be8ef500331bba25d1b4ca4bc2cd66c555d4358bf672a1f10a:31)
	at com.android.tools.r8.utils.R0.b(R8_8.2.2-dev_53a55043254cc5be8ef500331bba25d1b4ca4bc2cd66c555d4358bf672a1f10a:2)
	at com.android.tools.r8.D8.a(R8_8.2.2-dev_53a55043254cc5be8ef500331bba25d1b4ca4bc2cd66c555d4358bf672a1f10a:26)
	at com.android.tools.r8.D8.b(R8_8.2.2-dev_53a55043254cc5be8ef500331bba25d1b4ca4bc2cd66c555d4358bf672a1f10a:13)
	at com.android.tools.r8.D8.a(R8_8.2.2-dev_53a55043254cc5be8ef500331bba25d1b4ca4bc2cd66c555d4358bf672a1f10a:24)
	at com.android.tools.r8.utils.R0.a(R8_8.2.2-dev_53a55043254cc5be8ef500331bba25d1b4ca4bc2cd66c555d4358bf672a1f10a:113)
	... 1 more
Caused by: com.android.tools.r8.internal.Sb: Dex file with version '39' cannot be used with min sdk level 'H_MR2'.
	at com.android.tools.r8.dex.c.a(R8_8.2.2-dev_53a55043254cc5be8ef500331bba25d1b4ca4bc2cd66c555d4358bf672a1f10a:125)
	at com.android.tools.r8.dex.a.b(R8_8.2.2-dev_53a55043254cc5be8ef500331bba25d1b4ca4bc2cd66c555d4358bf672a1f10a:19)
	at com.android.tools.r8.dex.a.b(R8_8.2.2-dev_53a55043254cc5be8ef500331bba25d1b4ca4bc2cd66c555d4358bf672a1f10a:90)
	at com.android.tools.r8.dex.c.a(R8_8.2.2-dev_53a55043254cc5be8ef500331bba25d1b4ca4bc2cd66c555d4358bf672a1f10a:40)
	at com.android.tools.r8.dex.c.a(R8_8.2.2-dev_53a55043254cc5be8ef500331bba25d1b4ca4bc2cd66c555d4358bf672a1f10a:9)
	at com.android.tools.r8.dex.c.a(R8_8.2.2-dev_53a55043254cc5be8ef500331bba25d1b4ca4bc2cd66c555d4358bf672a1f10a:8)
	at com.android.tools.r8.D8.a(R8_8.2.2-dev_53a55043254cc5be8ef500331bba25d1b4ca4bc2cd66c555d4358bf672a1f10a:29)
	at com.android.tools.r8.D8.d(R8_8.2.2-dev_53a55043254cc5be8ef500331bba25d1b4ca4bc2cd66c555d4358bf672a1f10a:17)
	at com.android.tools.r8.D8.c(R8_8.2.2-dev_53a55043254cc5be8ef500331bba25d1b4ca4bc2cd66c555d4358bf672a1f10a:1)
	at com.android.tools.r8.utils.R0.a(R8_8.2.2-dev_53a55043254cc5be8ef500331bba25d1b4ca4bc2cd66c555d4358bf672a1f10a:28)
	... 6 more
